[ 2016-04-16T20:32:29+08:00 ] 127.0.0.1 /
INFO: [ app_init ] --START--
INFO: Run Behavior\BuildLiteBehavior [ RunTime:0.000020s ]
INFO: [ app_init ] --END-- [ RunTime:0.000754s ]

[ 2016-04-16T20:32:29+08:00 ] 127.0.0.1 /Apps/Home/View/skin/js/jquery.min.map
INFO: [ app_init ] --START--
INFO: Run Behavior\BuildLiteBehavior [ RunTime:0.000021s ]
INFO: [ app_init ] --END-- [ RunTime:0.000604s ]
ERR: 无法加载控制器:Apps

[ 2016-04-16T20:32:48+08:00 ] 127.0.0.1 /index/login
INFO: [ app_init ] --START--
INFO: Run Behavior\BuildLiteBehavior [ RunTime:0.000010s ]
INFO: [ app_init ] --END-- [ RunTime:0.000558s ]
INFO: [ app_begin ] --START--
INFO: Run Behavior\ReadHtmlCacheBehavior [ RunTime:0.000625s ]
INFO: [ app_begin ] --END-- [ RunTime:0.000679s ]
NOTIC: [8] A session had already been started - ignoring session_start() F:\WWW\learn\Apps\Home\Controller\BaseController.class.php 第 24 行.
NOTIC: [8] Undefined index: de F:\WWW\learn\Apps\Home\Controller\BaseController.class.php 第 60 行.
NOTIC: [8] Undefined index: user F:\WWW\learn\Apps\Home\Controller\BaseController.class.php 第 41 行.
NOTIC: [2048] Declaration of Home\Model\UserModel::check() should be compatible with Think\Model::check($value, $rule, $type = 'regex') F:\WWW\learn\Apps\Home\Model\UserModel.class.php 第 10 行.
SQL: SHOW COLUMNS FROM `t_user` [ RunTime:0.0042s ]
NOTIC: [8] A session had already been started - ignoring session_start() F:\WWW\learn\Apps\Home\Controller\IndexController.class.php 第 13 行.
SQL: SELECT id,user,name,is_manger FROM `t_user` WHERE `user`= 'sunx'   AND `password` = MD5('111') [ RunTime:0.0184s ]

[ 2016-04-16T20:32:50+08:00 ] 127.0.0.1 /
INFO: [ app_init ] --START--
INFO: Run Behavior\BuildLiteBehavior [ RunTime:0.000018s ]
INFO: [ app_init ] --END-- [ RunTime:0.000690s ]

[ 2016-04-16T20:32:52+08:00 ] 127.0.0.1 /chat
INFO: [ app_init ] --START--
INFO: Run Behavior\BuildLiteBehavior [ RunTime:0.000010s ]
INFO: [ app_init ] --END-- [ RunTime:0.000499s ]

[ 2016-04-16T20:33:14+08:00 ] 127.0.0.1 /
INFO: [ app_init ] --START--
INFO: Run Behavior\BuildLiteBehavior [ RunTime:0.000019s ]
INFO: [ app_init ] --END-- [ RunTime:0.000943s ]

[ 2016-04-16T20:33:18+08:00 ] 127.0.0.1 /?de=true
INFO: [ app_init ] --START--
INFO: Run Behavior\BuildLiteBehavior [ RunTime:0.000011s ]
INFO: [ app_init ] --END-- [ RunTime:0.000509s ]

[ 2016-04-16T20:33:30+08:00 ] 127.0.0.1 /chat
INFO: [ app_init ] --START--
INFO: Run Behavior\BuildLiteBehavior [ RunTime:0.000011s ]
INFO: [ app_init ] --END-- [ RunTime:0.000505s ]

[ 2016-04-16T20:33:32+08:00 ] 127.0.0.1 /chat
INFO: [ app_init ] --START--
INFO: Run Behavior\BuildLiteBehavior [ RunTime:0.000012s ]
INFO: [ app_init ] --END-- [ RunTime:0.000440s ]

[ 2016-04-16T20:40:54+08:00 ] 127.0.0.1 /chat
INFO: [ app_init ] --START--
INFO: Run Behavior\BuildLiteBehavior [ RunTime:0.000012s ]
INFO: [ app_init ] --END-- [ RunTime:0.000611s ]

[ 2016-04-16T20:40:56+08:00 ] 127.0.0.1 /observer
INFO: [ app_init ] --START--
INFO: Run Behavior\BuildLiteBehavior [ RunTime:0.000011s ]
INFO: [ app_init ] --END-- [ RunTime:0.000506s ]

[ 2016-04-16T20:41:01+08:00 ] 127.0.0.1 /
INFO: [ app_init ] --START--
INFO: Run Behavior\BuildLiteBehavior [ RunTime:0.000011s ]
INFO: [ app_init ] --END-- [ RunTime:0.000510s ]

[ 2016-04-16T20:41:03+08:00 ] 127.0.0.1 /chat
INFO: [ app_init ] --START--
INFO: Run Behavior\BuildLiteBehavior [ RunTime:0.000011s ]
INFO: [ app_init ] --END-- [ RunTime:0.000522s ]

[ 2016-04-16T20:41:04+08:00 ] 127.0.0.1 /observer
INFO: [ app_init ] --START--
INFO: Run Behavior\BuildLiteBehavior [ RunTime:0.000011s ]
INFO: [ app_init ] --END-- [ RunTime:0.000538s ]

[ 2016-04-16T20:41:05+08:00 ] 127.0.0.1 /?de=true
INFO: [ app_init ] --START--
INFO: Run Behavior\BuildLiteBehavior [ RunTime:0.000017s ]
INFO: [ app_init ] --END-- [ RunTime:0.000792s ]

[ 2016-04-16T20:41:07+08:00 ] 127.0.0.1 /chat
INFO: [ app_init ] --START--
INFO: Run Behavior\BuildLiteBehavior [ RunTime:0.000011s ]
INFO: [ app_init ] --END-- [ RunTime:0.000498s ]

[ 2016-04-16T20:41:25+08:00 ] 127.0.0.1 /observer
INFO: [ app_init ] --START--
INFO: Run Behavior\BuildLiteBehavior [ RunTime:0.000011s ]
INFO: [ app_init ] --END-- [ RunTime:0.000503s ]

[ 2016-04-16T20:45:37+08:00 ] 127.0.0.1 /observer
INFO: [ app_init ] --START--
INFO: Run Behavior\BuildLiteBehavior [ RunTime:0.000012s ]
INFO: [ app_init ] --END-- [ RunTime:0.000616s ]

[ 2016-04-16T20:48:05+08:00 ] 127.0.0.1 /observer
INFO: [ app_init ] --START--
INFO: Run Behavior\BuildLiteBehavior [ RunTime:0.000013s ]
INFO: [ app_init ] --END-- [ RunTime:0.000583s ]

[ 2016-04-16T20:48:07+08:00 ] 127.0.0.1 /observer
INFO: [ app_init ] --START--
INFO: Run Behavior\BuildLiteBehavior [ RunTime:0.000011s ]
INFO: [ app_init ] --END-- [ RunTime:0.000536s ]

[ 2016-04-16T20:48:08+08:00 ] 127.0.0.1 /observer
INFO: [ app_init ] --START--
INFO: Run Behavior\BuildLiteBehavior [ RunTime:0.000014s ]
INFO: [ app_init ] --END-- [ RunTime:0.000530s ]

[ 2016-04-16T20:48:11+08:00 ] 127.0.0.1 /Apps/Home/View/skin/js/jquery.min.map
INFO: [ app_init ] --START--
INFO: Run Behavior\BuildLiteBehavior [ RunTime:0.000011s ]
INFO: [ app_init ] --END-- [ RunTime:0.000519s ]
ERR: 无法加载控制器:Apps

[ 2016-04-16T20:48:23+08:00 ] 127.0.0.1 /observer
INFO: [ app_init ] --START--
INFO: Run Behavior\BuildLiteBehavior [ RunTime:0.000028s ]
INFO: [ app_init ] --END-- [ RunTime:0.001019s ]

[ 2016-04-16T20:48:23+08:00 ] 127.0.0.1 /Apps/Home/View/skin/js/jquery.min.map
INFO: [ app_init ] --START--
INFO: Run Behavior\BuildLiteBehavior [ RunTime:0.000017s ]
INFO: [ app_init ] --END-- [ RunTime:0.000527s ]
ERR: 无法加载控制器:Apps

[ 2016-04-16T20:49:58+08:00 ] 127.0.0.1 /observer
INFO: [ app_init ] --START--
INFO: Run Behavior\BuildLiteBehavior [ RunTime:0.000012s ]
INFO: [ app_init ] --END-- [ RunTime:0.000476s ]

[ 2016-04-16T20:49:59+08:00 ] 127.0.0.1 /Apps/Home/View/skin/js/jquery.min.map
INFO: [ app_init ] --START--
INFO: Run Behavior\BuildLiteBehavior [ RunTime:0.000012s ]
INFO: [ app_init ] --END-- [ RunTime:0.000503s ]
ERR: 无法加载控制器:Apps

[ 2016-04-16T20:49:59+08:00 ] 127.0.0.1 /observer
INFO: [ app_init ] --START--
INFO: Run Behavior\BuildLiteBehavior [ RunTime:0.000011s ]
INFO: [ app_init ] --END-- [ RunTime:0.000542s ]

[ 2016-04-16T20:49:59+08:00 ] 127.0.0.1 /observer
INFO: [ app_init ] --START--
INFO: Run Behavior\BuildLiteBehavior [ RunTime:0.000013s ]
INFO: [ app_init ] --END-- [ RunTime:0.000531s ]

[ 2016-04-16T20:49:59+08:00 ] 127.0.0.1 /Apps/Home/View/skin/js/jquery.min.map
INFO: [ app_init ] --START--
INFO: Run Behavior\BuildLiteBehavior [ RunTime:0.000016s ]
INFO: [ app_init ] --END-- [ RunTime:0.000516s ]
ERR: 无法加载控制器:Apps

[ 2016-04-16T20:50:21+08:00 ] 127.0.0.1 /observer
INFO: [ app_init ] --START--
INFO: Run Behavior\BuildLiteBehavior [ RunTime:0.000012s ]
INFO: [ app_init ] --END-- [ RunTime:0.000540s ]

[ 2016-04-16T20:50:22+08:00 ] 127.0.0.1 /Apps/Home/View/skin/js/jquery.min.map
INFO: [ app_init ] --START--
INFO: Run Behavior\BuildLiteBehavior [ RunTime:0.000011s ]
INFO: [ app_init ] --END-- [ RunTime:0.000463s ]
ERR: 无法加载控制器:Apps

[ 2016-04-16T20:50:54+08:00 ] 127.0.0.1 /observer
INFO: [ app_init ] --START--
INFO: Run Behavior\BuildLiteBehavior [ RunTime:0.000010s ]
INFO: [ app_init ] --END-- [ RunTime:0.000508s ]

[ 2016-04-16T20:50:54+08:00 ] 127.0.0.1 /Apps/Home/View/skin/js/jquery.min.map
INFO: [ app_init ] --START--
INFO: Run Behavior\BuildLiteBehavior [ RunTime:0.000011s ]
INFO: [ app_init ] --END-- [ RunTime:0.000486s ]
ERR: 无法加载控制器:Apps

[ 2016-04-16T20:51:33+08:00 ] 127.0.0.1 /observer
INFO: [ app_init ] --START--
INFO: Run Behavior\BuildLiteBehavior [ RunTime:0.000011s ]
INFO: [ app_init ] --END-- [ RunTime:0.000498s ]

[ 2016-04-16T20:51:33+08:00 ] 127.0.0.1 /Apps/Home/View/skin/js/jquery.min.map
INFO: [ app_init ] --START--
INFO: Run Behavior\BuildLiteBehavior [ RunTime:0.000010s ]
INFO: [ app_init ] --END-- [ RunTime:0.000490s ]
ERR: 无法加载控制器:Apps

[ 2016-04-16T20:52:05+08:00 ] 127.0.0.1 /observer
INFO: [ app_init ] --START--
INFO: Run Behavior\BuildLiteBehavior [ RunTime:0.000011s ]
INFO: [ app_init ] --END-- [ RunTime:0.000507s ]

[ 2016-04-16T20:52:05+08:00 ] 127.0.0.1 /Apps/Home/View/skin/js/jquery.min.map
INFO: [ app_init ] --START--
INFO: Run Behavior\BuildLiteBehavior [ RunTime:0.000012s ]
INFO: [ app_init ] --END-- [ RunTime:0.000537s ]
ERR: 无法加载控制器:Apps

[ 2016-04-16T20:52:07+08:00 ] 127.0.0.1 /observer
INFO: [ app_init ] --START--
INFO: Run Behavior\BuildLiteBehavior [ RunTime:0.000010s ]
INFO: [ app_init ] --END-- [ RunTime:0.000495s ]

[ 2016-04-16T20:52:07+08:00 ] 127.0.0.1 /Apps/Home/View/skin/js/jquery.min.map
INFO: [ app_init ] --START--
INFO: Run Behavior\BuildLiteBehavior [ RunTime:0.000011s ]
INFO: [ app_init ] --END-- [ RunTime:0.000551s ]
ERR: 无法加载控制器:Apps

[ 2016-04-16T20:52:37+08:00 ] 127.0.0.1 /observer
INFO: [ app_init ] --START--
INFO: Run Behavior\BuildLiteBehavior [ RunTime:0.000020s ]
INFO: [ app_init ] --END-- [ RunTime:0.000739s ]

[ 2016-04-16T20:52:37+08:00 ] 127.0.0.1 /Apps/Home/View/skin/js/jquery.min.map
INFO: [ app_init ] --START--
INFO: Run Behavior\BuildLiteBehavior [ RunTime:0.000010s ]
INFO: [ app_init ] --END-- [ RunTime:0.000448s ]
ERR: 无法加载控制器:Apps

[ 2016-04-16T20:52:38+08:00 ] 127.0.0.1 /observer
INFO: [ app_init ] --START--
INFO: Run Behavior\BuildLiteBehavior [ RunTime:0.000012s ]
INFO: [ app_init ] --END-- [ RunTime:0.000487s ]

[ 2016-04-16T20:52:38+08:00 ] 127.0.0.1 /Apps/Home/View/skin/js/jquery.min.map
INFO: [ app_init ] --START--
INFO: Run Behavior\BuildLiteBehavior [ RunTime:0.000011s ]
INFO: [ app_init ] --END-- [ RunTime:0.000542s ]
ERR: 无法加载控制器:Apps

[ 2016-04-16T20:53:02+08:00 ] 127.0.0.1 /observer
INFO: [ app_init ] --START--
INFO: Run Behavior\BuildLiteBehavior [ RunTime:0.000011s ]
INFO: [ app_init ] --END-- [ RunTime:0.000625s ]

[ 2016-04-16T20:53:02+08:00 ] 127.0.0.1 /Apps/Home/View/skin/js/jquery.min.map
INFO: [ app_init ] --START--
INFO: Run Behavior\BuildLiteBehavior [ RunTime:0.000011s ]
INFO: [ app_init ] --END-- [ RunTime:0.000566s ]
ERR: 无法加载控制器:Apps

[ 2016-04-16T20:53:33+08:00 ] 127.0.0.1 /observer
INFO: [ app_init ] --START--
INFO: Run Behavior\BuildLiteBehavior [ RunTime:0.000012s ]
INFO: [ app_init ] --END-- [ RunTime:0.000464s ]

[ 2016-04-16T20:53:33+08:00 ] 127.0.0.1 /Apps/Home/View/skin/js/jquery.min.map
INFO: [ app_init ] --START--
INFO: Run Behavior\BuildLiteBehavior [ RunTime:0.000011s ]
INFO: [ app_init ] --END-- [ RunTime:0.000500s ]
ERR: 无法加载控制器:Apps

[ 2016-04-16T20:55:36+08:00 ] 127.0.0.1 /observer
INFO: [ app_init ] --START--
INFO: Run Behavior\BuildLiteBehavior [ RunTime:0.000011s ]
INFO: [ app_init ] --END-- [ RunTime:0.000590s ]

[ 2016-04-16T20:55:36+08:00 ] 127.0.0.1 /Apps/Home/View/skin/js/jquery.min.map
INFO: [ app_init ] --START--
INFO: Run Behavior\BuildLiteBehavior [ RunTime:0.000011s ]
INFO: [ app_init ] --END-- [ RunTime:0.000428s ]
ERR: 无法加载控制器:Apps

[ 2016-04-16T20:57:11+08:00 ] 127.0.0.1 /observer
INFO: [ app_init ] --START--
INFO: Run Behavior\BuildLiteBehavior [ RunTime:0.000015s ]
INFO: [ app_init ] --END-- [ RunTime:0.000523s ]

[ 2016-04-16T20:57:11+08:00 ] 127.0.0.1 /Apps/Home/View/skin/js/jquery.min.map
INFO: [ app_init ] --START--
INFO: Run Behavior\BuildLiteBehavior [ RunTime:0.000011s ]
INFO: [ app_init ] --END-- [ RunTime:0.000449s ]
ERR: 无法加载控制器:Apps

[ 2016-04-16T20:57:31+08:00 ] 127.0.0.1 /observer
INFO: [ app_init ] --START--
INFO: Run Behavior\BuildLiteBehavior [ RunTime:0.000013s ]
INFO: [ app_init ] --END-- [ RunTime:0.000506s ]

[ 2016-04-16T20:57:31+08:00 ] 127.0.0.1 /Apps/Home/View/skin/js/jquery.min.map
INFO: [ app_init ] --START--
INFO: Run Behavior\BuildLiteBehavior [ RunTime:0.000011s ]
INFO: [ app_init ] --END-- [ RunTime:0.000536s ]
ERR: 无法加载控制器:Apps

[ 2016-04-16T20:57:31+08:00 ] 127.0.0.1 /observer
INFO: [ app_init ] --START--
INFO: Run Behavior\BuildLiteBehavior [ RunTime:0.000015s ]
INFO: [ app_init ] --END-- [ RunTime:0.000538s ]

[ 2016-04-16T20:57:31+08:00 ] 127.0.0.1 /observer
INFO: [ app_init ] --START--
INFO: Run Behavior\BuildLiteBehavior [ RunTime:0.000020s ]
INFO: [ app_init ] --END-- [ RunTime:0.000887s ]

[ 2016-04-16T20:57:31+08:00 ] 127.0.0.1 /observer
INFO: [ app_init ] --START--
INFO: Run Behavior\BuildLiteBehavior [ RunTime:0.000012s ]
INFO: [ app_init ] --END-- [ RunTime:0.000453s ]

[ 2016-04-16T20:57:31+08:00 ] 127.0.0.1 /observer
INFO: [ app_init ] --START--
INFO: Run Behavior\BuildLiteBehavior [ RunTime:0.000016s ]
INFO: [ app_init ] --END-- [ RunTime:0.000603s ]

[ 2016-04-16T20:57:31+08:00 ] 127.0.0.1 /observer
INFO: [ app_init ] --START--
INFO: Run Behavior\BuildLiteBehavior [ RunTime:0.000016s ]
INFO: [ app_init ] --END-- [ RunTime:0.000521s ]

[ 2016-04-16T20:57:32+08:00 ] 127.0.0.1 /observer
INFO: [ app_init ] --START--
INFO: Run Behavior\BuildLiteBehavior [ RunTime:0.000014s ]
INFO: [ app_init ] --END-- [ RunTime:0.000549s ]

[ 2016-04-16T20:57:32+08:00 ] 127.0.0.1 /observer
INFO: [ app_init ] --START--
INFO: Run Behavior\BuildLiteBehavior [ RunTime:0.000026s ]
INFO: [ app_init ] --END-- [ RunTime:0.001348s ]

[ 2016-04-16T20:57:32+08:00 ] 127.0.0.1 /observer
INFO: [ app_init ] --START--
INFO: Run Behavior\BuildLiteBehavior [ RunTime:0.000015s ]
INFO: [ app_init ] --END-- [ RunTime:0.000552s ]

[ 2016-04-16T20:57:32+08:00 ] 127.0.0.1 /observer
INFO: [ app_init ] --START--
INFO: Run Behavior\BuildLiteBehavior [ RunTime:0.000016s ]
INFO: [ app_init ] --END-- [ RunTime:0.000527s ]

[ 2016-04-16T20:57:32+08:00 ] 127.0.0.1 /observer
INFO: [ app_init ] --START--
INFO: Run Behavior\BuildLiteBehavior [ RunTime:0.000012s ]
INFO: [ app_init ] --END-- [ RunTime:0.000494s ]

[ 2016-04-16T20:57:32+08:00 ] 127.0.0.1 /observer
INFO: [ app_init ] --START--
INFO: Run Behavior\BuildLiteBehavior [ RunTime:0.000017s ]
INFO: [ app_init ] --END-- [ RunTime:0.000586s ]

[ 2016-04-16T20:57:32+08:00 ] 127.0.0.1 /observer
INFO: [ app_init ] --START--
INFO: Run Behavior\BuildLiteBehavior [ RunTime:0.000014s ]
INFO: [ app_init ] --END-- [ RunTime:0.000513s ]

[ 2016-04-16T20:57:32+08:00 ] 127.0.0.1 /observer
INFO: [ app_init ] --START--
INFO: Run Behavior\BuildLiteBehavior [ RunTime:0.000012s ]
INFO: [ app_init ] --END-- [ RunTime:0.000441s ]

[ 2016-04-16T20:57:32+08:00 ] 127.0.0.1 /observer
INFO: [ app_init ] --START--
INFO: Run Behavior\BuildLiteBehavior [ RunTime:0.000011s ]
INFO: [ app_init ] --END-- [ RunTime:0.000431s ]

[ 2016-04-16T20:57:32+08:00 ] 127.0.0.1 /Apps/Home/View/skin/js/jquery.min.map
INFO: [ app_init ] --START--
INFO: Run Behavior\BuildLiteBehavior [ RunTime:0.000012s ]
INFO: [ app_init ] --END-- [ RunTime:0.000462s ]
ERR: 无法加载控制器:Apps

[ 2016-04-16T20:58:24+08:00 ] 127.0.0.1 /observer
INFO: [ app_init ] --START--
INFO: Run Behavior\BuildLiteBehavior [ RunTime:0.000013s ]
INFO: [ app_init ] --END-- [ RunTime:0.000529s ]

[ 2016-04-16T20:58:24+08:00 ] 127.0.0.1 /Apps/Home/View/skin/js/jquery.min.map
INFO: [ app_init ] --START--
INFO: Run Behavior\BuildLiteBehavior [ RunTime:0.000012s ]
INFO: [ app_init ] --END-- [ RunTime:0.000500s ]
ERR: 无法加载控制器:Apps

[ 2016-04-16T21:14:29+08:00 ] 127.0.0.1 /observer
INFO: [ app_init ] --START--
INFO: Run Behavior\BuildLiteBehavior [ RunTime:0.000011s ]
INFO: [ app_init ] --END-- [ RunTime:0.000558s ]

[ 2016-04-16T21:14:35+08:00 ] 127.0.0.1 /observer
INFO: [ app_init ] --START--
INFO: Run Behavior\BuildLiteBehavior [ RunTime:0.000011s ]
INFO: [ app_init ] --END-- [ RunTime:0.000518s ]

[ 2016-04-16T21:15:12+08:00 ] 127.0.0.1 /observer
INFO: [ app_init ] --START--
INFO: Run Behavior\BuildLiteBehavior [ RunTime:0.000011s ]
INFO: [ app_init ] --END-- [ RunTime:0.000499s ]

[ 2016-04-16T21:15:35+08:00 ] 127.0.0.1 /observer
INFO: [ app_init ] --START--
INFO: Run Behavior\BuildLiteBehavior [ RunTime:0.000014s ]
INFO: [ app_init ] --END-- [ RunTime:0.000565s ]

[ 2016-04-16T21:25:10+08:00 ] 127.0.0.1 /observer
INFO: [ app_init ] --START--
INFO: Run Behavior\BuildLiteBehavior [ RunTime:0.000014s ]
INFO: [ app_init ] --END-- [ RunTime:0.000545s ]

[ 2016-04-16T21:25:11+08:00 ] 127.0.0.1 /observer
INFO: [ app_init ] --START--
INFO: Run Behavior\BuildLiteBehavior [ RunTime:0.000016s ]
INFO: [ app_init ] --END-- [ RunTime:0.000625s ]

[ 2016-04-16T21:25:14+08:00 ] 127.0.0.1 /observer
INFO: [ app_init ] --START--
INFO: Run Behavior\BuildLiteBehavior [ RunTime:0.000011s ]
INFO: [ app_init ] --END-- [ RunTime:0.000518s ]

[ 2016-04-16T21:25:25+08:00 ] 127.0.0.1 /observer
INFO: [ app_init ] --START--
INFO: Run Behavior\BuildLiteBehavior [ RunTime:0.000014s ]
INFO: [ app_init ] --END-- [ RunTime:0.000576s ]

[ 2016-04-16T21:25:29+08:00 ] 127.0.0.1 /Apps/Home/View/skin/js/jquery.min.map
INFO: [ app_init ] --START--
INFO: Run Behavior\BuildLiteBehavior [ RunTime:0.000012s ]
INFO: [ app_init ] --END-- [ RunTime:0.000548s ]
ERR: 无法加载控制器:Apps

[ 2016-04-16T21:26:04+08:00 ] 127.0.0.1 /observer
INFO: [ app_init ] --START--
INFO: Run Behavior\BuildLiteBehavior [ RunTime:0.000023s ]
INFO: [ app_init ] --END-- [ RunTime:0.000603s ]

[ 2016-04-16T21:26:04+08:00 ] 127.0.0.1 /Apps/Home/View/skin/js/jquery.min.map
INFO: [ app_init ] --START--
INFO: Run Behavior\BuildLiteBehavior [ RunTime:0.000012s ]
INFO: [ app_init ] --END-- [ RunTime:0.000476s ]
ERR: 无法加载控制器:Apps

[ 2016-04-16T21:27:12+08:00 ] 127.0.0.1 /observer
INFO: [ app_init ] --START--
INFO: Run Behavior\BuildLiteBehavior [ RunTime:0.000011s ]
INFO: [ app_init ] --END-- [ RunTime:0.000600s ]

[ 2016-04-16T21:27:13+08:00 ] 127.0.0.1 /Apps/Home/View/skin/js/jquery.min.map
INFO: [ app_init ] --START--
INFO: Run Behavior\BuildLiteBehavior [ RunTime:0.000011s ]
INFO: [ app_init ] --END-- [ RunTime:0.000500s ]
ERR: 无法加载控制器:Apps

[ 2016-04-16T21:30:59+08:00 ] 127.0.0.1 /observer
INFO: [ app_init ] --START--
INFO: Run Behavior\BuildLiteBehavior [ RunTime:0.000011s ]
INFO: [ app_init ] --END-- [ RunTime:0.000570s ]

[ 2016-04-16T21:31:00+08:00 ] 127.0.0.1 /Apps/Home/View/skin/js/jquery.min.map
INFO: [ app_init ] --START--
INFO: Run Behavior\BuildLiteBehavior [ RunTime:0.000013s ]
INFO: [ app_init ] --END-- [ RunTime:0.000656s ]
ERR: 无法加载控制器:Apps

[ 2016-04-16T21:49:36+08:00 ] 127.0.0.1 /observer
INFO: [ app_init ] --START--
INFO: Run Behavior\BuildLiteBehavior [ RunTime:0.000012s ]
INFO: [ app_init ] --END-- [ RunTime:0.000588s ]

[ 2016-04-16T21:49:36+08:00 ] 127.0.0.1 /Apps/Home/View/skin/js/jquery.min.map
INFO: [ app_init ] --START--
INFO: Run Behavior\BuildLiteBehavior [ RunTime:0.000012s ]
INFO: [ app_init ] --END-- [ RunTime:0.000533s ]
ERR: 无法加载控制器:Apps

[ 2016-04-16T21:49:51+08:00 ] 127.0.0.1 /observer
INFO: [ app_init ] --START--
INFO: Run Behavior\BuildLiteBehavior [ RunTime:0.000013s ]
INFO: [ app_init ] --END-- [ RunTime:0.000589s ]

[ 2016-04-16T21:49:51+08:00 ] 127.0.0.1 /Apps/Home/View/skin/js/jquery.min.map
INFO: [ app_init ] --START--
INFO: Run Behavior\BuildLiteBehavior [ RunTime:0.000014s ]
INFO: [ app_init ] --END-- [ RunTime:0.000690s ]
ERR: 无法加载控制器:Apps

[ 2016-04-16T21:56:50+08:00 ] 127.0.0.1 /observer
INFO: [ app_init ] --START--
INFO: Run Behavior\BuildLiteBehavior [ RunTime:0.000011s ]
INFO: [ app_init ] --END-- [ RunTime:0.000610s ]

[ 2016-04-16T21:56:53+08:00 ] 127.0.0.1 /observer
INFO: [ app_init ] --START--
INFO: Run Behavior\BuildLiteBehavior [ RunTime:0.000014s ]
INFO: [ app_init ] --END-- [ RunTime:0.000655s ]

[ 2016-04-16T21:56:55+08:00 ] 127.0.0.1 /observer
INFO: [ app_init ] --START--
INFO: Run Behavior\BuildLiteBehavior [ RunTime:0.000011s ]
INFO: [ app_init ] --END-- [ RunTime:0.000520s ]

[ 2016-04-16T21:57:51+08:00 ] 127.0.0.1 /observer
INFO: [ app_init ] --START--
INFO: Run Behavior\BuildLiteBehavior [ RunTime:0.000011s ]
INFO: [ app_init ] --END-- [ RunTime:0.000521s ]

[ 2016-04-16T21:57:52+08:00 ] 127.0.0.1 /observer
INFO: [ app_init ] --START--
INFO: Run Behavior\BuildLiteBehavior [ RunTime:0.000012s ]
INFO: [ app_init ] --END-- [ RunTime:0.000546s ]

[ 2016-04-16T21:57:52+08:00 ] 127.0.0.1 /observer
INFO: [ app_init ] --START--
INFO: Run Behavior\BuildLiteBehavior [ RunTime:0.000011s ]
INFO: [ app_init ] --END-- [ RunTime:0.000536s ]

[ 2016-04-16T21:57:52+08:00 ] 127.0.0.1 /observer
INFO: [ app_init ] --START--
INFO: Run Behavior\BuildLiteBehavior [ RunTime:0.000010s ]
INFO: [ app_init ] --END-- [ RunTime:0.000443s ]

[ 2016-04-16T21:57:52+08:00 ] 127.0.0.1 /observer
INFO: [ app_init ] --START--
INFO: Run Behavior\BuildLiteBehavior [ RunTime:0.000018s ]
INFO: [ app_init ] --END-- [ RunTime:0.000640s ]

[ 2016-04-16T21:57:53+08:00 ] 127.0.0.1 /observer
INFO: [ app_init ] --START--
INFO: Run Behavior\BuildLiteBehavior [ RunTime:0.000017s ]
INFO: [ app_init ] --END-- [ RunTime:0.000591s ]

[ 2016-04-16T22:01:32+08:00 ] 127.0.0.1 /observer
INFO: [ app_init ] --START--
INFO: Run Behavior\BuildLiteBehavior [ RunTime:0.000014s ]
INFO: [ app_init ] --END-- [ RunTime:0.000615s ]

[ 2016-04-16T22:02:31+08:00 ] 127.0.0.1 /observer
INFO: [ app_init ] --START--
INFO: Run Behavior\BuildLiteBehavior [ RunTime:0.000013s ]
INFO: [ app_init ] --END-- [ RunTime:0.000485s ]

[ 2016-04-16T22:11:33+08:00 ] 127.0.0.1 /observer
INFO: [ app_init ] --START--
INFO: Run Behavior\BuildLiteBehavior [ RunTime:0.000010s ]
INFO: [ app_init ] --END-- [ RunTime:0.000589s ]

[ 2016-04-16T22:11:55+08:00 ] 127.0.0.1 /observer
INFO: [ app_init ] --START--
INFO: Run Behavior\BuildLiteBehavior [ RunTime:0.000019s ]
INFO: [ app_init ] --END-- [ RunTime:0.000618s ]

[ 2016-04-16T22:12:02+08:00 ] 127.0.0.1 /Apps/Home/View/skin/js/jquery.min.map
INFO: [ app_init ] --START--
INFO: Run Behavior\BuildLiteBehavior [ RunTime:0.000012s ]
INFO: [ app_init ] --END-- [ RunTime:0.000512s ]
ERR: 无法加载控制器:Apps

[ 2016-04-16T22:12:03+08:00 ] 127.0.0.1 /observer
INFO: [ app_init ] --START--
INFO: Run Behavior\BuildLiteBehavior [ RunTime:0.000011s ]
INFO: [ app_init ] --END-- [ RunTime:0.000487s ]

[ 2016-04-16T22:12:04+08:00 ] 127.0.0.1 /Apps/Home/View/skin/js/jquery.min.map
INFO: [ app_init ] --START--
INFO: Run Behavior\BuildLiteBehavior [ RunTime:0.000012s ]
INFO: [ app_init ] --END-- [ RunTime:0.000582s ]
ERR: 无法加载控制器:Apps

[ 2016-04-16T22:12:07+08:00 ] 127.0.0.1 /observer
INFO: [ app_init ] --START--
INFO: Run Behavior\BuildLiteBehavior [ RunTime:0.000012s ]
INFO: [ app_init ] --END-- [ RunTime:0.000546s ]

[ 2016-04-16T22:12:07+08:00 ] 127.0.0.1 /Apps/Home/View/skin/js/jquery.min.map
INFO: [ app_init ] --START--
INFO: Run Behavior\BuildLiteBehavior [ RunTime:0.000016s ]
INFO: [ app_init ] --END-- [ RunTime:0.000593s ]
ERR: 无法加载控制器:Apps

[ 2016-04-16T22:12:41+08:00 ] 127.0.0.1 /observer
INFO: [ app_init ] --START--
INFO: Run Behavior\BuildLiteBehavior [ RunTime:0.000012s ]
INFO: [ app_init ] --END-- [ RunTime:0.000476s ]

[ 2016-04-16T22:12:42+08:00 ] 127.0.0.1 /Apps/Home/View/skin/js/jquery.min.map
INFO: [ app_init ] --START--
INFO: Run Behavior\BuildLiteBehavior [ RunTime:0.000012s ]
INFO: [ app_init ] --END-- [ RunTime:0.000478s ]
ERR: 无法加载控制器:Apps

[ 2016-04-16T22:12:44+08:00 ] 127.0.0.1 /observer
INFO: [ app_init ] --START--
INFO: Run Behavior\BuildLiteBehavior [ RunTime:0.000011s ]
INFO: [ app_init ] --END-- [ RunTime:0.000470s ]

[ 2016-04-16T22:12:45+08:00 ] 127.0.0.1 /Apps/Home/View/skin/js/jquery.min.map
INFO: [ app_init ] --START--
INFO: Run Behavior\BuildLiteBehavior [ RunTime:0.000011s ]
INFO: [ app_init ] --END-- [ RunTime:0.000437s ]
ERR: 无法加载控制器:Apps

[ 2016-04-16T22:12:58+08:00 ] 127.0.0.1 /observer
INFO: [ app_init ] --START--
INFO: Run Behavior\BuildLiteBehavior [ RunTime:0.000012s ]
INFO: [ app_init ] --END-- [ RunTime:0.000624s ]

[ 2016-04-16T22:12:58+08:00 ] 127.0.0.1 /Apps/Home/View/skin/js/jquery.min.map
INFO: [ app_init ] --START--
INFO: Run Behavior\BuildLiteBehavior [ RunTime:0.000012s ]
INFO: [ app_init ] --END-- [ RunTime:0.000497s ]
ERR: 无法加载控制器:Apps

[ 2016-04-16T22:13:11+08:00 ] 127.0.0.1 /observer
INFO: [ app_init ] --START--
INFO: Run Behavior\BuildLiteBehavior [ RunTime:0.000013s ]
INFO: [ app_init ] --END-- [ RunTime:0.000558s ]

[ 2016-04-16T22:13:11+08:00 ] 127.0.0.1 /Apps/Home/View/skin/js/jquery.min.map
INFO: [ app_init ] --START--
INFO: Run Behavior\BuildLiteBehavior [ RunTime:0.000013s ]
INFO: [ app_init ] --END-- [ RunTime:0.000525s ]
ERR: 无法加载控制器:Apps

[ 2016-04-16T22:15:45+08:00 ] 127.0.0.1 /observer
INFO: [ app_init ] --START--
INFO: Run Behavior\BuildLiteBehavior [ RunTime:0.000012s ]
INFO: [ app_init ] --END-- [ RunTime:0.000588s ]

[ 2016-04-16T22:15:46+08:00 ] 127.0.0.1 /Apps/Home/View/skin/js/jquery.min.map
INFO: [ app_init ] --START--
INFO: Run Behavior\BuildLiteBehavior [ RunTime:0.000013s ]
INFO: [ app_init ] --END-- [ RunTime:0.000452s ]
ERR: 无法加载控制器:Apps

[ 2016-04-16T22:16:04+08:00 ] 127.0.0.1 /observer
INFO: [ app_init ] --START--
INFO: Run Behavior\BuildLiteBehavior [ RunTime:0.000012s ]
INFO: [ app_init ] --END-- [ RunTime:0.000468s ]

[ 2016-04-16T22:16:05+08:00 ] 127.0.0.1 /Apps/Home/View/skin/js/jquery.min.map
INFO: [ app_init ] --START--
INFO: Run Behavior\BuildLiteBehavior [ RunTime:0.000012s ]
INFO: [ app_init ] --END-- [ RunTime:0.000568s ]
ERR: 无法加载控制器:Apps

[ 2016-04-16T22:16:41+08:00 ] 127.0.0.1 /observer
INFO: [ app_init ] --START--
INFO: Run Behavior\BuildLiteBehavior [ RunTime:0.000012s ]
INFO: [ app_init ] --END-- [ RunTime:0.000523s ]

[ 2016-04-16T22:16:41+08:00 ] 127.0.0.1 /Apps/Home/View/skin/js/jquery.min.map
INFO: [ app_init ] --START--
INFO: Run Behavior\BuildLiteBehavior [ RunTime:0.000012s ]
INFO: [ app_init ] --END-- [ RunTime:0.000546s ]
ERR: 无法加载控制器:Apps

[ 2016-04-16T22:17:13+08:00 ] 127.0.0.1 /observer
INFO: [ app_init ] --START--
INFO: Run Behavior\BuildLiteBehavior [ RunTime:0.000010s ]
INFO: [ app_init ] --END-- [ RunTime:0.000517s ]

[ 2016-04-16T22:17:14+08:00 ] 127.0.0.1 /Apps/Home/View/skin/js/jquery.min.map
INFO: [ app_init ] --START--
INFO: Run Behavior\BuildLiteBehavior [ RunTime:0.000010s ]
INFO: [ app_init ] --END-- [ RunTime:0.000512s ]
ERR: 无法加载控制器:Apps

[ 2016-04-16T22:17:16+08:00 ] 127.0.0.1 /observer
INFO: [ app_init ] --START--
INFO: Run Behavior\BuildLiteBehavior [ RunTime:0.000013s ]
INFO: [ app_init ] --END-- [ RunTime:0.000542s ]

[ 2016-04-16T22:17:16+08:00 ] 127.0.0.1 /Apps/Home/View/skin/js/jquery.min.map
INFO: [ app_init ] --START--
INFO: Run Behavior\BuildLiteBehavior [ RunTime:0.000010s ]
INFO: [ app_init ] --END-- [ RunTime:0.000442s ]
ERR: 无法加载控制器:Apps

[ 2016-04-16T22:18:57+08:00 ] 127.0.0.1 /observer
INFO: [ app_init ] --START--
INFO: Run Behavior\BuildLiteBehavior [ RunTime:0.000011s ]
INFO: [ app_init ] --END-- [ RunTime:0.000645s ]

[ 2016-04-16T22:18:58+08:00 ] 127.0.0.1 /Apps/Home/View/skin/js/jquery.min.map
INFO: [ app_init ] --START--
INFO: Run Behavior\BuildLiteBehavior [ RunTime:0.000012s ]
INFO: [ app_init ] --END-- [ RunTime:0.000551s ]
ERR: 无法加载控制器:Apps

[ 2016-04-16T22:19:25+08:00 ] 127.0.0.1 /Apps/Home/View/skin/js/jquery.min.map
INFO: [ app_init ] --START--
INFO: Run Behavior\BuildLiteBehavior [ RunTime:0.000010s ]
INFO: [ app_init ] --END-- [ RunTime:0.000443s ]
ERR: 无法加载控制器:Apps

[ 2016-04-16T22:19:28+08:00 ] 127.0.0.1 /observer
INFO: [ app_init ] --START--
INFO: Run Behavior\BuildLiteBehavior [ RunTime:0.000014s ]
INFO: [ app_init ] --END-- [ RunTime:0.000547s ]

[ 2016-04-16T22:19:29+08:00 ] 127.0.0.1 /Apps/Home/View/skin/js/jquery.min.map
INFO: [ app_init ] --START--
INFO: Run Behavior\BuildLiteBehavior [ RunTime:0.000011s ]
INFO: [ app_init ] --END-- [ RunTime:0.000536s ]
ERR: 无法加载控制器:Apps

[ 2016-04-16T22:21:25+08:00 ] 127.0.0.1 /observer
INFO: [ app_init ] --START--
INFO: Run Behavior\BuildLiteBehavior [ RunTime:0.000013s ]
INFO: [ app_init ] --END-- [ RunTime:0.000658s ]

[ 2016-04-16T22:21:26+08:00 ] 127.0.0.1 /Apps/Home/View/skin/js/jquery.min.map
INFO: [ app_init ] --START--
INFO: Run Behavior\BuildLiteBehavior [ RunTime:0.000012s ]
INFO: [ app_init ] --END-- [ RunTime:0.000479s ]
ERR: 无法加载控制器:Apps

