[ 2016-04-11T09:52:53+08:00 ] 127.0.0.1 /
INFO: [ app_init ] --START--
INFO: Run Behavior\BuildLiteBehavior [ RunTime:0.000000s ]
INFO: [ app_init ] --END-- [ RunTime:0.000000s ]

[ 2016-04-11T09:52:53+08:00 ] 127.0.0.1 /favicon.ico
INFO: [ app_init ] --START--
INFO: Run Behavior\BuildLiteBehavior [ RunTime:0.000000s ]
INFO: [ app_init ] --END-- [ RunTime:0.000000s ]

[ 2016-04-11T09:52:53+08:00 ] 127.0.0.1 /favicon.ico
INFO: [ app_init ] --START--
INFO: Run Behavior\BuildLiteBehavior [ RunTime:0.000000s ]
INFO: [ app_init ] --END-- [ RunTime:0.000000s ]

[ 2016-04-11T09:53:26+08:00 ] 127.0.0.1 /index/login
INFO: [ app_init ] --START--
INFO: Run Behavior\BuildLiteBehavior [ RunTime:0.000000s ]
INFO: [ app_init ] --END-- [ RunTime:0.001000s ]
INFO: [ app_begin ] --START--
INFO: Run Behavior\ReadHtmlCacheBehavior [ RunTime:0.001000s ]
INFO: [ app_begin ] --END-- [ RunTime:0.001000s ]
NOTIC: [8] A session had already been started - ignoring session_start() G:\mywww\Apps\Home\Controller\BaseController.class.php 第 21 行.
NOTIC: [8] Undefined index: user G:\mywww\Apps\Home\Controller\BaseController.class.php 第 26 行.
NOTIC: [8] Undefined index: remote_addr G:\mywww\Apps\Home\Controller\IndexController.class.php 第 18 行.

[ 2016-04-11T10:18:14+08:00 ] 127.0.0.1 /
INFO: [ app_init ] --START--
INFO: Run Behavior\BuildLiteBehavior [ RunTime:0.000000s ]
INFO: [ app_init ] --END-- [ RunTime:0.000000s ]

[ 2016-04-11T10:18:23+08:00 ] 127.0.0.1 /
INFO: [ app_init ] --START--
INFO: Run Behavior\BuildLiteBehavior [ RunTime:0.000000s ]
INFO: [ app_init ] --END-- [ RunTime:0.000000s ]

[ 2016-04-11T10:19:43+08:00 ] 127.0.0.1 /
INFO: [ app_init ] --START--
INFO: Run Behavior\BuildLiteBehavior [ RunTime:0.000000s ]
INFO: [ app_init ] --END-- [ RunTime:0.000000s ]

[ 2016-04-11T10:19:44+08:00 ] 127.0.0.1 /
INFO: [ app_init ] --START--
INFO: Run Behavior\BuildLiteBehavior [ RunTime:0.000000s ]
INFO: [ app_init ] --END-- [ RunTime:0.000000s ]

[ 2016-04-11T10:19:44+08:00 ] 127.0.0.1 /
INFO: [ app_init ] --START--
INFO: Run Behavior\BuildLiteBehavior [ RunTime:0.000000s ]
INFO: [ app_init ] --END-- [ RunTime:0.000000s ]

[ 2016-04-11T10:19:55+08:00 ] 127.0.0.1 /
INFO: [ app_init ] --START--
INFO: Run Behavior\BuildLiteBehavior [ RunTime:0.000000s ]
INFO: [ app_init ] --END-- [ RunTime:0.000000s ]

[ 2016-04-11T11:26:27+08:00 ] 127.0.0.1 /Apps/Home/View/skin/js/jquery.min.map
INFO: [ app_init ] --START--
INFO: Run Behavior\BuildLiteBehavior [ RunTime:0.000000s ]
INFO: [ app_init ] --END-- [ RunTime:0.000000s ]
ERR: 无法加载控制器:Apps

[ 2016-04-11T11:26:28+08:00 ] 127.0.0.1 /
INFO: [ app_init ] --START--
INFO: Run Behavior\BuildLiteBehavior [ RunTime:0.000000s ]
INFO: [ app_init ] --END-- [ RunTime:0.000000s ]

[ 2016-04-11T11:26:53+08:00 ] 127.0.0.1 /
INFO: [ app_init ] --START--
INFO: Run Behavior\BuildLiteBehavior [ RunTime:0.000000s ]
INFO: [ app_init ] --END-- [ RunTime:0.000000s ]

[ 2016-04-11T11:26:53+08:00 ] 127.0.0.1 /Apps/Home/View/skin/js/jquery.min.map
INFO: [ app_init ] --START--
INFO: Run Behavior\BuildLiteBehavior [ RunTime:0.000000s ]
INFO: [ app_init ] --END-- [ RunTime:0.000000s ]
ERR: 无法加载控制器:Apps

[ 2016-04-11T11:26:57+08:00 ] 127.0.0.1 /index/login
INFO: [ app_init ] --START--
INFO: Run Behavior\BuildLiteBehavior [ RunTime:0.000000s ]
INFO: [ app_init ] --END-- [ RunTime:0.000000s ]
INFO: [ app_begin ] --START--
INFO: Run Behavior\ReadHtmlCacheBehavior [ RunTime:0.000000s ]
INFO: [ app_begin ] --END-- [ RunTime:0.000000s ]
NOTIC: [8] A session had already been started - ignoring session_start() G:\mywww\Apps\Home\Controller\BaseController.class.php 第 23 行.
NOTIC: [2048] Declaration of Home\Model\IndexModel::check() should be compatible with Think\Model::check($value, $rule, $type = 'regex') G:\mywww\Apps\Home\Model\IndexModel.class.php 第 10 行.
ERR: SQLSTATE[42S02]: Base table or view not found: 1146 Table 'test.t_index' doesn't exist

[ 2016-04-11T11:27:18+08:00 ] 127.0.0.1 /index/login
INFO: [ app_init ] --START--
INFO: Run Behavior\BuildLiteBehavior [ RunTime:0.000000s ]
INFO: [ app_init ] --END-- [ RunTime:0.001001s ]
ERR: SQLSTATE[42S02]: Base table or view not found: 1146 Table 'test.t_index' doesn't exist

[ 2016-04-11T11:31:52+08:00 ] 127.0.0.1 /
INFO: [ app_init ] --START--
INFO: Run Behavior\BuildLiteBehavior [ RunTime:0.000000s ]
INFO: [ app_init ] --END-- [ RunTime:0.000000s ]

[ 2016-04-11T11:31:54+08:00 ] 127.0.0.1 /
INFO: [ app_init ] --START--
INFO: Run Behavior\BuildLiteBehavior [ RunTime:0.000000s ]
INFO: [ app_init ] --END-- [ RunTime:0.000000s ]

[ 2016-04-11T11:33:10+08:00 ] 127.0.0.1 /index/login
INFO: [ app_init ] --START--
INFO: Run Behavior\BuildLiteBehavior [ RunTime:0.000000s ]
INFO: [ app_init ] --END-- [ RunTime:0.000000s ]
ERR: SQLSTATE[42S02]: Base table or view not found: 1146 Table 'test.t_index' doesn't exist

[ 2016-04-11T11:33:12+08:00 ] 127.0.0.1 /index/login
INFO: [ app_init ] --START--
INFO: Run Behavior\BuildLiteBehavior [ RunTime:0.000000s ]
INFO: [ app_init ] --END-- [ RunTime:0.000000s ]
ERR: SQLSTATE[42S02]: Base table or view not found: 1146 Table 'test.t_index' doesn't exist

[ 2016-04-11T11:33:19+08:00 ] 127.0.0.1 /
INFO: [ app_init ] --START--
INFO: Run Behavior\BuildLiteBehavior [ RunTime:0.000000s ]
INFO: [ app_init ] --END-- [ RunTime:0.000000s ]

[ 2016-04-11T11:33:24+08:00 ] 127.0.0.1 /Apps/Home/View/skin/js/jquery.min.map
INFO: [ app_init ] --START--
INFO: Run Behavior\BuildLiteBehavior [ RunTime:0.000000s ]
INFO: [ app_init ] --END-- [ RunTime:0.000000s ]
ERR: 无法加载控制器:Apps

[ 2016-04-11T11:33:30+08:00 ] 127.0.0.1 /index/login
INFO: [ app_init ] --START--
INFO: Run Behavior\BuildLiteBehavior [ RunTime:0.000000s ]
INFO: [ app_init ] --END-- [ RunTime:0.000000s ]
INFO: [ app_begin ] --START--
INFO: Run Behavior\ReadHtmlCacheBehavior [ RunTime:0.000000s ]
INFO: [ app_begin ] --END-- [ RunTime:0.000000s ]
NOTIC: [8] A session had already been started - ignoring session_start() G:\mywww\Apps\Home\Controller\BaseController.class.php 第 23 行.
NOTIC: [2048] Declaration of Home\Model\IndexModel::check() should be compatible with Think\Model::check($value, $rule, $type = 'regex') G:\mywww\Apps\Home\Model\IndexModel.class.php 第 10 行.
ERR: SQLSTATE[42S02]: Base table or view not found: 1146 Table 'test.t_index' doesn't exist

[ 2016-04-11T11:37:35+08:00 ] 127.0.0.1 /
INFO: [ app_init ] --START--
INFO: Run Behavior\BuildLiteBehavior [ RunTime:0.000000s ]
INFO: [ app_init ] --END-- [ RunTime:0.001000s ]

[ 2016-04-11T11:37:35+08:00 ] 127.0.0.1 /Apps/Home/View/skin/js/jquery.min.map
INFO: [ app_init ] --START--
INFO: Run Behavior\BuildLiteBehavior [ RunTime:0.000000s ]
INFO: [ app_init ] --END-- [ RunTime:0.000000s ]
ERR: 无法加载控制器:Apps

[ 2016-04-11T11:37:39+08:00 ] 127.0.0.1 /index/login
INFO: [ app_init ] --START--
INFO: Run Behavior\BuildLiteBehavior [ RunTime:0.000000s ]
INFO: [ app_init ] --END-- [ RunTime:0.000000s ]
INFO: [ app_begin ] --START--
INFO: Run Behavior\ReadHtmlCacheBehavior [ RunTime:0.000000s ]
INFO: [ app_begin ] --END-- [ RunTime:0.000000s ]
NOTIC: [8] A session had already been started - ignoring session_start() G:\mywww\Apps\Home\Controller\BaseController.class.php 第 23 行.
NOTIC: [2048] Declaration of Home\Model\UserModel::check() should be compatible with Think\Model::check($value, $rule, $type = 'regex') G:\mywww\Apps\Home\Model\UserModel.class.php 第 10 行.
SQL: SHOW COLUMNS FROM `t_user` [ RunTime:0.0020s ]

[ 2016-04-11T11:38:44+08:00 ] 127.0.0.1 /index/login
INFO: [ app_init ] --START--
INFO: Run Behavior\BuildLiteBehavior [ RunTime:0.000000s ]
INFO: [ app_init ] --END-- [ RunTime:0.001001s ]

[ 2016-04-11T11:38:46+08:00 ] 127.0.0.1 /index/login
INFO: [ app_init ] --START--
INFO: Run Behavior\BuildLiteBehavior [ RunTime:0.000000s ]
INFO: [ app_init ] --END-- [ RunTime:0.000000s ]
ERR: SQLSTATE[42S22]: Column not found: 1054 Unknown column 'is_manager' in 'field list'

[ 2016-04-11T11:39:17+08:00 ] 127.0.0.1 /index/login
INFO: [ app_init ] --START--
INFO: Run Behavior\BuildLiteBehavior [ RunTime:0.000000s ]
INFO: [ app_init ] --END-- [ RunTime:0.000000s ]

[ 2016-04-11T11:39:18+08:00 ] 127.0.0.1 /index/login
INFO: [ app_init ] --START--
INFO: Run Behavior\BuildLiteBehavior [ RunTime:0.000000s ]
INFO: [ app_init ] --END-- [ RunTime:0.000000s ]

[ 2016-04-11T11:39:18+08:00 ] 127.0.0.1 /index/login
INFO: [ app_init ] --START--
INFO: Run Behavior\BuildLiteBehavior [ RunTime:0.000000s ]
INFO: [ app_init ] --END-- [ RunTime:0.001000s ]

[ 2016-04-11T11:40:31+08:00 ] 127.0.0.1 /index/login
INFO: [ app_init ] --START--
INFO: Run Behavior\BuildLiteBehavior [ RunTime:0.000000s ]
INFO: [ app_init ] --END-- [ RunTime:0.000000s ]
ERR: SQLSTATE[42S22]: Column not found: 1054 Unknown column 'sun' in 'where clause'

[ 2016-04-11T11:44:36+08:00 ] 127.0.0.1 /index/login
INFO: [ app_init ] --START--
INFO: Run Behavior\BuildLiteBehavior [ RunTime:0.000000s ]
INFO: [ app_init ] --END-- [ RunTime:0.000000s ]
ERR: SQLSTATE[42S22]: Column not found: 1054 Unknown column 'sun' in 'where clause'

[ 2016-04-11T11:45:01+08:00 ] 127.0.0.1 /index/login
INFO: [ app_init ] --START--
INFO: Run Behavior\BuildLiteBehavior [ RunTime:0.000000s ]
INFO: [ app_init ] --END-- [ RunTime:0.000000s ]

[ 2016-04-11T11:45:03+08:00 ] 127.0.0.1 /index/login
INFO: [ app_init ] --START--
INFO: Run Behavior\BuildLiteBehavior [ RunTime:0.000000s ]
INFO: [ app_init ] --END-- [ RunTime:0.000000s ]

[ 2016-04-11T11:45:54+08:00 ] 127.0.0.1 /index/login
INFO: [ app_init ] --START--
INFO: Run Behavior\BuildLiteBehavior [ RunTime:0.000000s ]
INFO: [ app_init ] --END-- [ RunTime:0.000000s ]

[ 2016-04-11T11:45:55+08:00 ] 127.0.0.1 /index/login
INFO: [ app_init ] --START--
INFO: Run Behavior\BuildLiteBehavior [ RunTime:0.000000s ]
INFO: [ app_init ] --END-- [ RunTime:0.000000s ]

[ 2016-04-11T11:46:36+08:00 ] 127.0.0.1 /index/login
INFO: [ app_init ] --START--
INFO: Run Behavior\BuildLiteBehavior [ RunTime:0.000000s ]
INFO: [ app_init ] --END-- [ RunTime:0.000000s ]

[ 2016-04-11T11:46:37+08:00 ] 127.0.0.1 /index/login
INFO: [ app_init ] --START--
INFO: Run Behavior\BuildLiteBehavior [ RunTime:0.000000s ]
INFO: [ app_init ] --END-- [ RunTime:0.000000s ]

[ 2016-04-11T11:46:38+08:00 ] 127.0.0.1 /index/login
INFO: [ app_init ] --START--
INFO: Run Behavior\BuildLiteBehavior [ RunTime:0.000000s ]
INFO: [ app_init ] --END-- [ RunTime:0.000000s ]

[ 2016-04-11T11:46:42+08:00 ] 127.0.0.1 /index/login
INFO: [ app_init ] --START--
INFO: Run Behavior\BuildLiteBehavior [ RunTime:0.000000s ]
INFO: [ app_init ] --END-- [ RunTime:0.000000s ]

[ 2016-04-11T11:46:43+08:00 ] 127.0.0.1 /index/login
INFO: [ app_init ] --START--
INFO: Run Behavior\BuildLiteBehavior [ RunTime:0.000000s ]
INFO: [ app_init ] --END-- [ RunTime:0.000000s ]

[ 2016-04-11T11:52:37+08:00 ] 127.0.0.1 /index/login
INFO: [ app_init ] --START--
INFO: Run Behavior\BuildLiteBehavior [ RunTime:0.000000s ]
INFO: [ app_init ] --END-- [ RunTime:0.000000s ]

[ 2016-04-11T11:55:52+08:00 ] 127.0.0.1 /
INFO: [ app_init ] --START--
INFO: Run Behavior\BuildLiteBehavior [ RunTime:0.000000s ]
INFO: [ app_init ] --END-- [ RunTime:0.000000s ]

[ 2016-04-11T11:55:57+08:00 ] 127.0.0.1 /index/login
INFO: [ app_init ] --START--
INFO: Run Behavior\BuildLiteBehavior [ RunTime:0.000000s ]
INFO: [ app_init ] --END-- [ RunTime:0.000000s ]
INFO: [ app_begin ] --START--
INFO: Run Behavior\ReadHtmlCacheBehavior [ RunTime:0.000000s ]
INFO: [ app_begin ] --END-- [ RunTime:0.000000s ]
NOTIC: [8] A session had already been started - ignoring session_start() G:\mywww\Apps\Home\Controller\BaseController.class.php 第 23 行.
NOTIC: [8] A session had already been started - ignoring session_start() G:\mywww\Apps\Home\Controller\IndexController.class.php 第 14 行.
NOTIC: [2048] Declaration of Home\Model\UserModel::check() should be compatible with Think\Model::check($value, $rule, $type = 'regex') G:\mywww\Apps\Home\Model\UserModel.class.php 第 10 行.
SQL: SHOW COLUMNS FROM `t_user` [ RunTime:0.0000s ]
SQL: SELECT id,user,name,is_manger FROM `t_user` WHERE `user`= '111'   AND `password` = MD5('1') [ RunTime:0.0000s ]

[ 2016-04-11T11:56:07+08:00 ] 127.0.0.1 /index/login
INFO: [ app_init ] --START--
INFO: Run Behavior\BuildLiteBehavior [ RunTime:0.000000s ]
INFO: [ app_init ] --END-- [ RunTime:0.000000s ]
INFO: [ app_begin ] --START--
INFO: Run Behavior\ReadHtmlCacheBehavior [ RunTime:0.000000s ]
INFO: [ app_begin ] --END-- [ RunTime:0.000000s ]
NOTIC: [8] A session had already been started - ignoring session_start() G:\mywww\Apps\Home\Controller\BaseController.class.php 第 23 行.
NOTIC: [8] A session had already been started - ignoring session_start() G:\mywww\Apps\Home\Controller\IndexController.class.php 第 14 行.
NOTIC: [2048] Declaration of Home\Model\UserModel::check() should be compatible with Think\Model::check($value, $rule, $type = 'regex') G:\mywww\Apps\Home\Model\UserModel.class.php 第 10 行.
SQL: SHOW COLUMNS FROM `t_user` [ RunTime:0.0000s ]

[ 2016-04-11T11:56:16+08:00 ] 127.0.0.1 /index/login
INFO: [ app_init ] --START--
INFO: Run Behavior\BuildLiteBehavior [ RunTime:0.000000s ]
INFO: [ app_init ] --END-- [ RunTime:0.000000s ]
INFO: [ app_begin ] --START--
INFO: Run Behavior\ReadHtmlCacheBehavior [ RunTime:0.000000s ]
INFO: [ app_begin ] --END-- [ RunTime:0.000000s ]
NOTIC: [8] A session had already been started - ignoring session_start() G:\mywww\Apps\Home\Controller\BaseController.class.php 第 23 行.
NOTIC: [8] A session had already been started - ignoring session_start() G:\mywww\Apps\Home\Controller\IndexController.class.php 第 14 行.
NOTIC: [2048] Declaration of Home\Model\UserModel::check() should be compatible with Think\Model::check($value, $rule, $type = 'regex') G:\mywww\Apps\Home\Model\UserModel.class.php 第 10 行.
SQL: SHOW COLUMNS FROM `t_user` [ RunTime:0.0000s ]

[ 2016-04-11T11:56:44+08:00 ] 127.0.0.1 /index/login
INFO: [ app_init ] --START--
INFO: Run Behavior\BuildLiteBehavior [ RunTime:0.000000s ]
INFO: [ app_init ] --END-- [ RunTime:0.000000s ]
INFO: [ app_begin ] --START--
INFO: Run Behavior\ReadHtmlCacheBehavior [ RunTime:0.000000s ]
INFO: [ app_begin ] --END-- [ RunTime:0.000000s ]
NOTIC: [8] A session had already been started - ignoring session_start() G:\mywww\Apps\Home\Controller\BaseController.class.php 第 23 行.
NOTIC: [8] A session had already been started - ignoring session_start() G:\mywww\Apps\Home\Controller\IndexController.class.php 第 14 行.
NOTIC: [2048] Declaration of Home\Model\UserModel::check() should be compatible with Think\Model::check($value, $rule, $type = 'regex') G:\mywww\Apps\Home\Model\UserModel.class.php 第 10 行.
SQL: SHOW COLUMNS FROM `t_user` [ RunTime:0.0000s ]

[ 2016-04-11T11:56:55+08:00 ] 127.0.0.1 /index/login
INFO: [ app_init ] --START--
INFO: Run Behavior\BuildLiteBehavior [ RunTime:0.000000s ]
INFO: [ app_init ] --END-- [ RunTime:0.000000s ]
INFO: [ app_begin ] --START--
INFO: Run Behavior\ReadHtmlCacheBehavior [ RunTime:0.000000s ]
INFO: [ app_begin ] --END-- [ RunTime:0.000000s ]
NOTIC: [8] A session had already been started - ignoring session_start() G:\mywww\Apps\Home\Controller\BaseController.class.php 第 23 行.
NOTIC: [8] A session had already been started - ignoring session_start() G:\mywww\Apps\Home\Controller\IndexController.class.php 第 14 行.
NOTIC: [2048] Declaration of Home\Model\UserModel::check() should be compatible with Think\Model::check($value, $rule, $type = 'regex') G:\mywww\Apps\Home\Model\UserModel.class.php 第 10 行.
SQL: SHOW COLUMNS FROM `t_user` [ RunTime:0.0000s ]

[ 2016-04-11T12:53:35+08:00 ] 127.0.0.1 /read.html
INFO: [ app_init ] --START--
INFO: Run Behavior\BuildLiteBehavior [ RunTime:0.000000s ]
INFO: [ app_init ] --END-- [ RunTime:0.000000s ]
ERR: 无法加载控制器:Read

[ 2016-04-11T12:55:22+08:00 ] 127.0.0.1 /read.html
INFO: [ app_init ] --START--
INFO: Run Behavior\BuildLiteBehavior [ RunTime:0.000000s ]
INFO: [ app_init ] --END-- [ RunTime:0.000000s ]
ERR: 无法加载控制器:Read

[ 2016-04-11T12:55:31+08:00 ] 127.0.0.1 /?de=true
INFO: [ app_init ] --START--
INFO: Run Behavior\BuildLiteBehavior [ RunTime:0.000000s ]
INFO: [ app_init ] --END-- [ RunTime:0.000000s ]

[ 2016-04-11T12:55:42+08:00 ] 127.0.0.1 /
INFO: [ app_init ] --START--
INFO: Run Behavior\BuildLiteBehavior [ RunTime:0.000000s ]
INFO: [ app_init ] --END-- [ RunTime:0.000000s ]

[ 2016-04-11T12:59:43+08:00 ] 127.0.0.1 /index/login
INFO: [ app_init ] --START--
INFO: Run Behavior\BuildLiteBehavior [ RunTime:0.000000s ]
INFO: [ app_init ] --END-- [ RunTime:0.000000s ]
INFO: [ app_begin ] --START--
INFO: Run Behavior\ReadHtmlCacheBehavior [ RunTime:0.000000s ]
INFO: [ app_begin ] --END-- [ RunTime:0.000000s ]
NOTIC: [8] A session had already been started - ignoring session_start() G:\mywww\Apps\Home\Controller\BaseController.class.php 第 23 行.
NOTIC: [8] Undefined index: de G:\mywww\Apps\Home\Controller\BaseController.class.php 第 49 行.
NOTIC: [8] A session had already been started - ignoring session_start() G:\mywww\Apps\Home\Controller\IndexController.class.php 第 14 行.
NOTIC: [2048] Declaration of Home\Model\UserModel::check() should be compatible with Think\Model::check($value, $rule, $type = 'regex') G:\mywww\Apps\Home\Model\UserModel.class.php 第 10 行.
SQL: SHOW COLUMNS FROM `t_user` [ RunTime:0.0000s ]

[ 2016-04-11T12:59:51+08:00 ] 127.0.0.1 /?de=true
INFO: [ app_init ] --START--
INFO: Run Behavior\BuildLiteBehavior [ RunTime:0.000000s ]
INFO: [ app_init ] --END-- [ RunTime:0.000000s ]

[ 2016-04-11T13:00:23+08:00 ] 127.0.0.1 /
INFO: [ app_init ] --START--
INFO: Run Behavior\BuildLiteBehavior [ RunTime:0.000000s ]
INFO: [ app_init ] --END-- [ RunTime:0.000000s ]

[ 2016-04-11T13:00:27+08:00 ] 127.0.0.1 /index/login
INFO: [ app_init ] --START--
INFO: Run Behavior\BuildLiteBehavior [ RunTime:0.000000s ]
INFO: [ app_init ] --END-- [ RunTime:0.000000s ]
INFO: [ app_begin ] --START--
INFO: Run Behavior\ReadHtmlCacheBehavior [ RunTime:0.000000s ]
INFO: [ app_begin ] --END-- [ RunTime:0.000000s ]
NOTIC: [8] A session had already been started - ignoring session_start() G:\mywww\Apps\Home\Controller\BaseController.class.php 第 23 行.
NOTIC: [8] Undefined index: de G:\mywww\Apps\Home\Controller\BaseController.class.php 第 49 行.
NOTIC: [8] A session had already been started - ignoring session_start() G:\mywww\Apps\Home\Controller\IndexController.class.php 第 14 行.
NOTIC: [2048] Declaration of Home\Model\UserModel::check() should be compatible with Think\Model::check($value, $rule, $type = 'regex') G:\mywww\Apps\Home\Model\UserModel.class.php 第 10 行.
SQL: SHOW COLUMNS FROM `t_user` [ RunTime:0.0000s ]

[ 2016-04-11T13:00:28+08:00 ] 127.0.0.1 /index/login
INFO: [ app_init ] --START--
INFO: Run Behavior\BuildLiteBehavior [ RunTime:0.000000s ]
INFO: [ app_init ] --END-- [ RunTime:0.000000s ]
INFO: [ app_begin ] --START--
INFO: Run Behavior\ReadHtmlCacheBehavior [ RunTime:0.000000s ]
INFO: [ app_begin ] --END-- [ RunTime:0.000000s ]
NOTIC: [8] A session had already been started - ignoring session_start() G:\mywww\Apps\Home\Controller\BaseController.class.php 第 23 行.
NOTIC: [8] Undefined index: de G:\mywww\Apps\Home\Controller\BaseController.class.php 第 49 行.
NOTIC: [8] A session had already been started - ignoring session_start() G:\mywww\Apps\Home\Controller\IndexController.class.php 第 14 行.
NOTIC: [2048] Declaration of Home\Model\UserModel::check() should be compatible with Think\Model::check($value, $rule, $type = 'regex') G:\mywww\Apps\Home\Model\UserModel.class.php 第 10 行.
SQL: SHOW COLUMNS FROM `t_user` [ RunTime:0.0000s ]

[ 2016-04-11T13:00:28+08:00 ] 127.0.0.1 /index/login
INFO: [ app_init ] --START--
INFO: Run Behavior\BuildLiteBehavior [ RunTime:0.000000s ]
INFO: [ app_init ] --END-- [ RunTime:0.000000s ]
INFO: [ app_begin ] --START--
INFO: Run Behavior\ReadHtmlCacheBehavior [ RunTime:0.000000s ]
INFO: [ app_begin ] --END-- [ RunTime:0.000000s ]
NOTIC: [8] A session had already been started - ignoring session_start() G:\mywww\Apps\Home\Controller\BaseController.class.php 第 23 行.
NOTIC: [8] Undefined index: de G:\mywww\Apps\Home\Controller\BaseController.class.php 第 49 行.
NOTIC: [8] A session had already been started - ignoring session_start() G:\mywww\Apps\Home\Controller\IndexController.class.php 第 14 行.
NOTIC: [2048] Declaration of Home\Model\UserModel::check() should be compatible with Think\Model::check($value, $rule, $type = 'regex') G:\mywww\Apps\Home\Model\UserModel.class.php 第 10 行.
SQL: SHOW COLUMNS FROM `t_user` [ RunTime:0.0000s ]

[ 2016-04-11T13:00:28+08:00 ] 127.0.0.1 /index/login
INFO: [ app_init ] --START--
INFO: Run Behavior\BuildLiteBehavior [ RunTime:0.000000s ]
INFO: [ app_init ] --END-- [ RunTime:0.000000s ]
INFO: [ app_begin ] --START--
INFO: Run Behavior\ReadHtmlCacheBehavior [ RunTime:0.000000s ]
INFO: [ app_begin ] --END-- [ RunTime:0.000000s ]
NOTIC: [8] A session had already been started - ignoring session_start() G:\mywww\Apps\Home\Controller\BaseController.class.php 第 23 行.
NOTIC: [8] Undefined index: de G:\mywww\Apps\Home\Controller\BaseController.class.php 第 49 行.
NOTIC: [8] A session had already been started - ignoring session_start() G:\mywww\Apps\Home\Controller\IndexController.class.php 第 14 行.
NOTIC: [2048] Declaration of Home\Model\UserModel::check() should be compatible with Think\Model::check($value, $rule, $type = 'regex') G:\mywww\Apps\Home\Model\UserModel.class.php 第 10 行.
SQL: SHOW COLUMNS FROM `t_user` [ RunTime:0.0000s ]

[ 2016-04-11T13:00:28+08:00 ] 127.0.0.1 /index/login
INFO: [ app_init ] --START--
INFO: Run Behavior\BuildLiteBehavior [ RunTime:0.000000s ]
INFO: [ app_init ] --END-- [ RunTime:0.000000s ]
INFO: [ app_begin ] --START--
INFO: Run Behavior\ReadHtmlCacheBehavior [ RunTime:0.000000s ]
INFO: [ app_begin ] --END-- [ RunTime:0.000000s ]
NOTIC: [8] A session had already been started - ignoring session_start() G:\mywww\Apps\Home\Controller\BaseController.class.php 第 23 行.
NOTIC: [8] Undefined index: de G:\mywww\Apps\Home\Controller\BaseController.class.php 第 49 行.
NOTIC: [8] A session had already been started - ignoring session_start() G:\mywww\Apps\Home\Controller\IndexController.class.php 第 14 行.
NOTIC: [2048] Declaration of Home\Model\UserModel::check() should be compatible with Think\Model::check($value, $rule, $type = 'regex') G:\mywww\Apps\Home\Model\UserModel.class.php 第 10 行.
SQL: SHOW COLUMNS FROM `t_user` [ RunTime:0.0000s ]

[ 2016-04-11T13:00:31+08:00 ] 127.0.0.1 /Apps/Home/View/skin/js/jquery.min.map
INFO: [ app_init ] --START--
INFO: Run Behavior\BuildLiteBehavior [ RunTime:0.000000s ]
INFO: [ app_init ] --END-- [ RunTime:0.000000s ]
ERR: 无法加载控制器:Apps

[ 2016-04-11T13:00:34+08:00 ] 127.0.0.1 /index/login
INFO: [ app_init ] --START--
INFO: Run Behavior\BuildLiteBehavior [ RunTime:0.000000s ]
INFO: [ app_init ] --END-- [ RunTime:0.000000s ]
INFO: [ app_begin ] --START--
INFO: Run Behavior\ReadHtmlCacheBehavior [ RunTime:0.000000s ]
INFO: [ app_begin ] --END-- [ RunTime:0.000000s ]
NOTIC: [8] A session had already been started - ignoring session_start() G:\mywww\Apps\Home\Controller\BaseController.class.php 第 23 行.
NOTIC: [8] Undefined index: de G:\mywww\Apps\Home\Controller\BaseController.class.php 第 49 行.
NOTIC: [8] A session had already been started - ignoring session_start() G:\mywww\Apps\Home\Controller\IndexController.class.php 第 14 行.
NOTIC: [2048] Declaration of Home\Model\UserModel::check() should be compatible with Think\Model::check($value, $rule, $type = 'regex') G:\mywww\Apps\Home\Model\UserModel.class.php 第 10 行.
SQL: SHOW COLUMNS FROM `t_user` [ RunTime:0.0000s ]

[ 2016-04-11T13:01:27+08:00 ] 127.0.0.1 /login
INFO: [ app_init ] --START--
INFO: Run Behavior\BuildLiteBehavior [ RunTime:0.000000s ]
INFO: [ app_init ] --END-- [ RunTime:0.000000s ]
ERR: 无法加载控制器:Login

[ 2016-04-11T13:01:57+08:00 ] 127.0.0.1 /index/login
INFO: [ app_init ] --START--
INFO: Run Behavior\BuildLiteBehavior [ RunTime:0.000000s ]
INFO: [ app_init ] --END-- [ RunTime:0.000000s ]
ERR: SQLSTATE[42000]: Syntax error or access violation: 1065 Query was empty

[ 2016-04-11T13:01:59+08:00 ] 127.0.0.1 /index/login
INFO: [ app_init ] --START--
INFO: Run Behavior\BuildLiteBehavior [ RunTime:0.000000s ]
INFO: [ app_init ] --END-- [ RunTime:0.000000s ]
ERR: SQLSTATE[42000]: Syntax error or access violation: 1065 Query was empty

[ 2016-04-11T13:02:38+08:00 ] 127.0.0.1 /index/login
INFO: [ app_init ] --START--
INFO: Run Behavior\BuildLiteBehavior [ RunTime:0.000000s ]
INFO: [ app_init ] --END-- [ RunTime:0.000000s ]
ERR: SQLSTATE[42000]: Syntax error or access violation: 1065 Query was empty

[ 2016-04-11T13:03:14+08:00 ] 127.0.0.1 /index/login
INFO: [ app_init ] --START--
INFO: Run Behavior\BuildLiteBehavior [ RunTime:0.000000s ]
INFO: [ app_init ] --END-- [ RunTime:0.000000s ]
ERR: SQLSTATE[42000]: Syntax error or access violation: 1065 Query was empty

[ 2016-04-11T13:04:35+08:00 ] 127.0.0.1 /index/login
INFO: [ app_init ] --START--
INFO: Run Behavior\BuildLiteBehavior [ RunTime:0.000000s ]
INFO: [ app_init ] --END-- [ RunTime:0.000000s ]
ERR: SQLSTATE[42000]: Syntax error or access violation: 1065 Query was empty

[ 2016-04-11T13:04:36+08:00 ] 127.0.0.1 /index/login
INFO: [ app_init ] --START--
INFO: Run Behavior\BuildLiteBehavior [ RunTime:0.000000s ]
INFO: [ app_init ] --END-- [ RunTime:0.000000s ]
ERR: SQLSTATE[42000]: Syntax error or access violation: 1065 Query was empty

[ 2016-04-11T13:04:36+08:00 ] 127.0.0.1 /index/login
INFO: [ app_init ] --START--
INFO: Run Behavior\BuildLiteBehavior [ RunTime:0.000000s ]
INFO: [ app_init ] --END-- [ RunTime:0.000000s ]
ERR: SQLSTATE[42000]: Syntax error or access violation: 1065 Query was empty

[ 2016-04-11T13:04:36+08:00 ] 127.0.0.1 /index/login
INFO: [ app_init ] --START--
INFO: Run Behavior\BuildLiteBehavior [ RunTime:0.000000s ]
INFO: [ app_init ] --END-- [ RunTime:0.000000s ]
ERR: SQLSTATE[42000]: Syntax error or access violation: 1065 Query was empty

[ 2016-04-11T13:04:36+08:00 ] 127.0.0.1 /index/login
INFO: [ app_init ] --START--
INFO: Run Behavior\BuildLiteBehavior [ RunTime:0.000000s ]
INFO: [ app_init ] --END-- [ RunTime:0.000000s ]
ERR: SQLSTATE[42000]: Syntax error or access violation: 1065 Query was empty

[ 2016-04-11T13:04:37+08:00 ] 127.0.0.1 /index/login
INFO: [ app_init ] --START--
INFO: Run Behavior\BuildLiteBehavior [ RunTime:0.000000s ]
INFO: [ app_init ] --END-- [ RunTime:0.000000s ]
ERR: SQLSTATE[42000]: Syntax error or access violation: 1065 Query was empty

[ 2016-04-11T13:05:06+08:00 ] 127.0.0.1 /index/login
INFO: [ app_init ] --START--
INFO: Run Behavior\BuildLiteBehavior [ RunTime:0.000000s ]
INFO: [ app_init ] --END-- [ RunTime:0.000000s ]
ERR: SQLSTATE[42000]: Syntax error or access violation: 1065 Query was empty

[ 2016-04-11T13:05:06+08:00 ] 127.0.0.1 /index/login
INFO: [ app_init ] --START--
INFO: Run Behavior\BuildLiteBehavior [ RunTime:0.000000s ]
INFO: [ app_init ] --END-- [ RunTime:0.000000s ]
ERR: SQLSTATE[42000]: Syntax error or access violation: 1065 Query was empty

[ 2016-04-11T13:05:06+08:00 ] 127.0.0.1 /index/login
INFO: [ app_init ] --START--
INFO: Run Behavior\BuildLiteBehavior [ RunTime:0.000000s ]
INFO: [ app_init ] --END-- [ RunTime:0.000000s ]
ERR: SQLSTATE[42000]: Syntax error or access violation: 1065 Query was empty

[ 2016-04-11T13:05:07+08:00 ] 127.0.0.1 /index/login
INFO: [ app_init ] --START--
INFO: Run Behavior\BuildLiteBehavior [ RunTime:0.000000s ]
INFO: [ app_init ] --END-- [ RunTime:0.000000s ]
ERR: SQLSTATE[42000]: Syntax error or access violation: 1065 Query was empty

[ 2016-04-11T13:05:36+08:00 ] 127.0.0.1 /index/login
INFO: [ app_init ] --START--
INFO: Run Behavior\BuildLiteBehavior [ RunTime:0.000000s ]
INFO: [ app_init ] --END-- [ RunTime:0.000000s ]
ERR: SQLSTATE[42000]: Syntax error or access violation: 1065 Query was empty

[ 2016-04-11T13:05:37+08:00 ] 127.0.0.1 /index/login
INFO: [ app_init ] --START--
INFO: Run Behavior\BuildLiteBehavior [ RunTime:0.000000s ]
INFO: [ app_init ] --END-- [ RunTime:0.000000s ]
ERR: SQLSTATE[42000]: Syntax error or access violation: 1065 Query was empty

[ 2016-04-11T13:05:37+08:00 ] 127.0.0.1 /index/login
INFO: [ app_init ] --START--
INFO: Run Behavior\BuildLiteBehavior [ RunTime:0.000000s ]
INFO: [ app_init ] --END-- [ RunTime:0.000000s ]
ERR: SQLSTATE[42000]: Syntax error or access violation: 1065 Query was empty

[ 2016-04-11T13:05:37+08:00 ] 127.0.0.1 /index/login
INFO: [ app_init ] --START--
INFO: Run Behavior\BuildLiteBehavior [ RunTime:0.000000s ]
INFO: [ app_init ] --END-- [ RunTime:0.000000s ]
ERR: SQLSTATE[42000]: Syntax error or access violation: 1065 Query was empty

[ 2016-04-11T13:05:37+08:00 ] 127.0.0.1 /index/login
INFO: [ app_init ] --START--
INFO: Run Behavior\BuildLiteBehavior [ RunTime:0.000000s ]
INFO: [ app_init ] --END-- [ RunTime:0.000000s ]
ERR: SQLSTATE[42000]: Syntax error or access violation: 1065 Query was empty

[ 2016-04-11T13:06:07+08:00 ] 127.0.0.1 /index/login
INFO: [ app_init ] --START--
INFO: Run Behavior\BuildLiteBehavior [ RunTime:0.000000s ]
INFO: [ app_init ] --END-- [ RunTime:0.000000s ]

[ 2016-04-11T13:06:42+08:00 ] 127.0.0.1 /index/login
INFO: [ app_init ] --START--
INFO: Run Behavior\BuildLiteBehavior [ RunTime:0.000000s ]
INFO: [ app_init ] --END-- [ RunTime:0.000000s ]

[ 2016-04-11T13:07:37+08:00 ] 127.0.0.1 /?de=true
INFO: [ app_init ] --START--
INFO: Run Behavior\BuildLiteBehavior [ RunTime:0.000000s ]
INFO: [ app_init ] --END-- [ RunTime:0.000000s ]

[ 2016-04-11T13:07:38+08:00 ] 127.0.0.1 /?de=true
INFO: [ app_init ] --START--
INFO: Run Behavior\BuildLiteBehavior [ RunTime:0.000000s ]
INFO: [ app_init ] --END-- [ RunTime:0.000000s ]

[ 2016-04-11T13:07:48+08:00 ] 127.0.0.1 /login
INFO: [ app_init ] --START--
INFO: Run Behavior\BuildLiteBehavior [ RunTime:0.000000s ]
INFO: [ app_init ] --END-- [ RunTime:0.000000s ]
ERR: 无法加载控制器:Login

[ 2016-04-11T13:07:55+08:00 ] 127.0.0.1 /?de=true
INFO: [ app_init ] --START--
INFO: Run Behavior\BuildLiteBehavior [ RunTime:0.000000s ]
INFO: [ app_init ] --END-- [ RunTime:0.000000s ]

[ 2016-04-11T13:07:56+08:00 ] 127.0.0.1 /?de=true
INFO: [ app_init ] --START--
INFO: Run Behavior\BuildLiteBehavior [ RunTime:0.000000s ]
INFO: [ app_init ] --END-- [ RunTime:0.000000s ]

[ 2016-04-11T13:08:50+08:00 ] 127.0.0.1 /index/
INFO: [ app_init ] --START--
INFO: Run Behavior\BuildLiteBehavior [ RunTime:0.000000s ]
INFO: [ app_init ] --END-- [ RunTime:0.000000s ]

[ 2016-04-11T13:08:50+08:00 ] 127.0.0.1 /Apps/Home/View/skin/js/jquery.min.map
INFO: [ app_init ] --START--
INFO: Run Behavior\BuildLiteBehavior [ RunTime:0.000000s ]
INFO: [ app_init ] --END-- [ RunTime:0.000000s ]
ERR: 无法加载控制器:Apps

[ 2016-04-11T13:08:54+08:00 ] 127.0.0.1 /index/login
INFO: [ app_init ] --START--
INFO: Run Behavior\BuildLiteBehavior [ RunTime:0.000000s ]
INFO: [ app_init ] --END-- [ RunTime:0.000000s ]

[ 2016-04-11T13:08:56+08:00 ] 127.0.0.1 /index/login
INFO: [ app_init ] --START--
INFO: Run Behavior\BuildLiteBehavior [ RunTime:0.000000s ]
INFO: [ app_init ] --END-- [ RunTime:0.000000s ]

[ 2016-04-11T13:10:08+08:00 ] 127.0.0.1 /index/login
INFO: [ app_init ] --START--
INFO: Run Behavior\BuildLiteBehavior [ RunTime:0.000000s ]
INFO: [ app_init ] --END-- [ RunTime:0.000000s ]

[ 2016-04-11T13:10:09+08:00 ] 127.0.0.1 /index/login
INFO: [ app_init ] --START--
INFO: Run Behavior\BuildLiteBehavior [ RunTime:0.000000s ]
INFO: [ app_init ] --END-- [ RunTime:0.000000s ]

[ 2016-04-11T13:10:12+08:00 ] 127.0.0.1 /?de=true
INFO: [ app_init ] --START--
INFO: Run Behavior\BuildLiteBehavior [ RunTime:0.000000s ]
INFO: [ app_init ] --END-- [ RunTime:0.000000s ]

[ 2016-04-11T13:10:31+08:00 ] 127.0.0.1 /index
INFO: [ app_init ] --START--
INFO: Run Behavior\BuildLiteBehavior [ RunTime:0.000000s ]
INFO: [ app_init ] --END-- [ RunTime:0.000000s ]

[ 2016-04-11T13:10:32+08:00 ] 127.0.0.1 /Apps/Home/View/skin/js/jquery.min.map
INFO: [ app_init ] --START--
INFO: Run Behavior\BuildLiteBehavior [ RunTime:0.000000s ]
INFO: [ app_init ] --END-- [ RunTime:0.000000s ]
ERR: 无法加载控制器:Apps

[ 2016-04-11T13:10:37+08:00 ] 127.0.0.1 /index/login
INFO: [ app_init ] --START--
INFO: Run Behavior\BuildLiteBehavior [ RunTime:0.000000s ]
INFO: [ app_init ] --END-- [ RunTime:0.000000s ]
INFO: [ app_begin ] --START--
INFO: Run Behavior\ReadHtmlCacheBehavior [ RunTime:0.000000s ]
INFO: [ app_begin ] --END-- [ RunTime:0.000000s ]
NOTIC: [8] A session had already been started - ignoring session_start() G:\mywww\Apps\Home\Controller\BaseController.class.php 第 23 行.
NOTIC: [8] Undefined index: de G:\mywww\Apps\Home\Controller\BaseController.class.php 第 49 行.
NOTIC: [8] A session had already been started - ignoring session_start() G:\mywww\Apps\Home\Controller\IndexController.class.php 第 14 行.
NOTIC: [2048] Declaration of Home\Model\UserModel::check() should be compatible with Think\Model::check($value, $rule, $type = 'regex') G:\mywww\Apps\Home\Model\UserModel.class.php 第 10 行.
SQL: SHOW COLUMNS FROM `t_user` [ RunTime:0.0000s ]
SQL: SELECT id,user,name,is_manger FROM `t_user` WHERE `user`= '111'   AND `password` = MD5('11') [ RunTime:0.0000s ]

[ 2016-04-11T13:10:46+08:00 ] 127.0.0.1 /index/login
INFO: [ app_init ] --START--
INFO: Run Behavior\BuildLiteBehavior [ RunTime:0.000000s ]
INFO: [ app_init ] --END-- [ RunTime:0.000000s ]
INFO: [ app_begin ] --START--
INFO: Run Behavior\ReadHtmlCacheBehavior [ RunTime:0.000000s ]
INFO: [ app_begin ] --END-- [ RunTime:0.000000s ]
NOTIC: [8] A session had already been started - ignoring session_start() G:\mywww\Apps\Home\Controller\BaseController.class.php 第 23 行.
NOTIC: [8] Undefined index: de G:\mywww\Apps\Home\Controller\BaseController.class.php 第 49 行.
NOTIC: [8] A session had already been started - ignoring session_start() G:\mywww\Apps\Home\Controller\IndexController.class.php 第 14 行.
NOTIC: [2048] Declaration of Home\Model\UserModel::check() should be compatible with Think\Model::check($value, $rule, $type = 'regex') G:\mywww\Apps\Home\Model\UserModel.class.php 第 10 行.
SQL: SHOW COLUMNS FROM `t_user` [ RunTime:0.0000s ]

[ 2016-04-11T13:10:52+08:00 ] 127.0.0.1 /index/login
INFO: [ app_init ] --START--
INFO: Run Behavior\BuildLiteBehavior [ RunTime:0.000000s ]
INFO: [ app_init ] --END-- [ RunTime:0.000000s ]
INFO: [ app_begin ] --START--
INFO: Run Behavior\ReadHtmlCacheBehavior [ RunTime:0.000000s ]
INFO: [ app_begin ] --END-- [ RunTime:0.000000s ]
NOTIC: [8] A session had already been started - ignoring session_start() G:\mywww\Apps\Home\Controller\BaseController.class.php 第 23 行.
NOTIC: [8] Undefined index: de G:\mywww\Apps\Home\Controller\BaseController.class.php 第 49 行.
NOTIC: [8] A session had already been started - ignoring session_start() G:\mywww\Apps\Home\Controller\IndexController.class.php 第 14 行.
NOTIC: [2048] Declaration of Home\Model\UserModel::check() should be compatible with Think\Model::check($value, $rule, $type = 'regex') G:\mywww\Apps\Home\Model\UserModel.class.php 第 10 行.
SQL: SHOW COLUMNS FROM `t_user` [ RunTime:0.0000s ]

[ 2016-04-11T13:11:04+08:00 ] 127.0.0.1 /?de=true
INFO: [ app_init ] --START--
INFO: Run Behavior\BuildLiteBehavior [ RunTime:0.000000s ]
INFO: [ app_init ] --END-- [ RunTime:0.000000s ]

[ 2016-04-11T13:14:03+08:00 ] 127.0.0.1 /index/login
INFO: [ app_init ] --START--
INFO: Run Behavior\BuildLiteBehavior [ RunTime:0.000000s ]
INFO: [ app_init ] --END-- [ RunTime:0.000000s ]
INFO: [ app_begin ] --START--
INFO: Run Behavior\ReadHtmlCacheBehavior [ RunTime:0.000000s ]
INFO: [ app_begin ] --END-- [ RunTime:0.000000s ]
NOTIC: [8] A session had already been started - ignoring session_start() G:\mywww\Apps\Home\Controller\BaseController.class.php 第 23 行.
NOTIC: [8] Undefined index: de G:\mywww\Apps\Home\Controller\BaseController.class.php 第 49 行.
NOTIC: [8] A session had already been started - ignoring session_start() G:\mywww\Apps\Home\Controller\IndexController.class.php 第 14 行.
NOTIC: [2048] Declaration of Home\Model\UserModel::check() should be compatible with Think\Model::check($value, $rule, $type = 'regex') G:\mywww\Apps\Home\Model\UserModel.class.php 第 10 行.
SQL: SHOW COLUMNS FROM `t_user` [ RunTime:0.0000s ]
SQL: SELECT id,user,name,is_manger FROM `t_user` WHERE `user`= '111'   AND `password` = MD5('111') [ RunTime:0.0000s ]

[ 2016-04-11T13:14:05+08:00 ] 127.0.0.1 /?de=true
INFO: [ app_init ] --START--
INFO: Run Behavior\BuildLiteBehavior [ RunTime:0.000000s ]
INFO: [ app_init ] --END-- [ RunTime:0.000000s ]

[ 2016-04-11T13:14:39+08:00 ] 127.0.0.1 /index/login
INFO: [ app_init ] --START--
INFO: Run Behavior\BuildLiteBehavior [ RunTime:0.000000s ]
INFO: [ app_init ] --END-- [ RunTime:0.000000s ]
INFO: [ app_begin ] --START--
INFO: Run Behavior\ReadHtmlCacheBehavior [ RunTime:0.000000s ]
INFO: [ app_begin ] --END-- [ RunTime:0.000000s ]
NOTIC: [8] A session had already been started - ignoring session_start() G:\mywww\Apps\Home\Controller\BaseController.class.php 第 23 行.
NOTIC: [8] Undefined index: de G:\mywww\Apps\Home\Controller\BaseController.class.php 第 49 行.
NOTIC: [8] A session had already been started - ignoring session_start() G:\mywww\Apps\Home\Controller\IndexController.class.php 第 14 行.
NOTIC: [2048] Declaration of Home\Model\UserModel::check() should be compatible with Think\Model::check($value, $rule, $type = 'regex') G:\mywww\Apps\Home\Model\UserModel.class.php 第 10 行.
SQL: SHOW COLUMNS FROM `t_user` [ RunTime:0.0000s ]

[ 2016-04-11T13:14:42+08:00 ] 127.0.0.1 /?de=true
INFO: [ app_init ] --START--
INFO: Run Behavior\BuildLiteBehavior [ RunTime:0.000000s ]
INFO: [ app_init ] --END-- [ RunTime:0.000000s ]

[ 2016-04-11T13:14:43+08:00 ] 127.0.0.1 /?de=true
INFO: [ app_init ] --START--
INFO: Run Behavior\BuildLiteBehavior [ RunTime:0.000000s ]
INFO: [ app_init ] --END-- [ RunTime:0.000000s ]

[ 2016-04-11T13:16:17+08:00 ] 127.0.0.1 /?de=true
INFO: [ app_init ] --START--
INFO: Run Behavior\BuildLiteBehavior [ RunTime:0.000000s ]
INFO: [ app_init ] --END-- [ RunTime:0.000000s ]

[ 2016-04-11T13:17:18+08:00 ] 127.0.0.1 /index/login
INFO: [ app_init ] --START--
INFO: Run Behavior\BuildLiteBehavior [ RunTime:0.000000s ]
INFO: [ app_init ] --END-- [ RunTime:0.000000s ]
INFO: [ app_begin ] --START--
INFO: Run Behavior\ReadHtmlCacheBehavior [ RunTime:0.000000s ]
INFO: [ app_begin ] --END-- [ RunTime:0.000000s ]
NOTIC: [8] A session had already been started - ignoring session_start() G:\mywww\Apps\Home\Controller\BaseController.class.php 第 23 行.
NOTIC: [8] Undefined index: de G:\mywww\Apps\Home\Controller\BaseController.class.php 第 49 行.
NOTIC: [8] A session had already been started - ignoring session_start() G:\mywww\Apps\Home\Controller\IndexController.class.php 第 14 行.
NOTIC: [2048] Declaration of Home\Model\UserModel::check() should be compatible with Think\Model::check($value, $rule, $type = 'regex') G:\mywww\Apps\Home\Model\UserModel.class.php 第 10 行.
SQL: SHOW COLUMNS FROM `t_user` [ RunTime:0.0000s ]

[ 2016-04-11T13:17:20+08:00 ] 127.0.0.1 /?de=true
INFO: [ app_init ] --START--
INFO: Run Behavior\BuildLiteBehavior [ RunTime:0.000000s ]
INFO: [ app_init ] --END-- [ RunTime:0.000000s ]

[ 2016-04-11T13:17:35+08:00 ] 127.0.0.1 /index/login
INFO: [ app_init ] --START--
INFO: Run Behavior\BuildLiteBehavior [ RunTime:0.000000s ]
INFO: [ app_init ] --END-- [ RunTime:0.015600s ]
INFO: [ app_begin ] --START--
INFO: Run Behavior\ReadHtmlCacheBehavior [ RunTime:0.000000s ]
INFO: [ app_begin ] --END-- [ RunTime:0.000000s ]
NOTIC: [8] A session had already been started - ignoring session_start() G:\mywww\Apps\Home\Controller\BaseController.class.php 第 23 行.
NOTIC: [8] Undefined index: de G:\mywww\Apps\Home\Controller\BaseController.class.php 第 49 行.
NOTIC: [8] A session had already been started - ignoring session_start() G:\mywww\Apps\Home\Controller\IndexController.class.php 第 14 行.
NOTIC: [2048] Declaration of Home\Model\UserModel::check() should be compatible with Think\Model::check($value, $rule, $type = 'regex') G:\mywww\Apps\Home\Model\UserModel.class.php 第 10 行.
SQL: SHOW COLUMNS FROM `t_user` [ RunTime:0.0156s ]

[ 2016-04-11T13:17:44+08:00 ] 127.0.0.1 /?de=true
INFO: [ app_init ] --START--
INFO: Run Behavior\BuildLiteBehavior [ RunTime:0.000000s ]
INFO: [ app_init ] --END-- [ RunTime:0.000000s ]

[ 2016-04-11T13:18:48+08:00 ] 127.0.0.1 /?de=true
INFO: [ app_init ] --START--
INFO: Run Behavior\BuildLiteBehavior [ RunTime:0.000000s ]
INFO: [ app_init ] --END-- [ RunTime:0.000000s ]

[ 2016-04-11T13:18:51+08:00 ] 127.0.0.1 /index
INFO: [ app_init ] --START--
INFO: Run Behavior\BuildLiteBehavior [ RunTime:0.000000s ]
INFO: [ app_init ] --END-- [ RunTime:0.000000s ]

[ 2016-04-11T13:18:52+08:00 ] 127.0.0.1 /Apps/Home/View/skin/js/jquery.min.map
INFO: [ app_init ] --START--
INFO: Run Behavior\BuildLiteBehavior [ RunTime:0.000000s ]
INFO: [ app_init ] --END-- [ RunTime:0.000000s ]
ERR: 无法加载控制器:Apps

[ 2016-04-11T13:18:57+08:00 ] 127.0.0.1 /index/login
INFO: [ app_init ] --START--
INFO: Run Behavior\BuildLiteBehavior [ RunTime:0.000000s ]
INFO: [ app_init ] --END-- [ RunTime:0.000000s ]
INFO: [ app_begin ] --START--
INFO: Run Behavior\ReadHtmlCacheBehavior [ RunTime:0.000000s ]
INFO: [ app_begin ] --END-- [ RunTime:0.000000s ]
NOTIC: [8] A session had already been started - ignoring session_start() G:\mywww\Apps\Home\Controller\BaseController.class.php 第 23 行.
NOTIC: [8] Undefined index: de G:\mywww\Apps\Home\Controller\BaseController.class.php 第 49 行.
NOTIC: [8] A session had already been started - ignoring session_start() G:\mywww\Apps\Home\Controller\IndexController.class.php 第 14 行.
NOTIC: [2048] Declaration of Home\Model\UserModel::check() should be compatible with Think\Model::check($value, $rule, $type = 'regex') G:\mywww\Apps\Home\Model\UserModel.class.php 第 10 行.
SQL: SHOW COLUMNS FROM `t_user` [ RunTime:0.0000s ]

[ 2016-04-11T13:19:00+08:00 ] 127.0.0.1 /?de=true
INFO: [ app_init ] --START--
INFO: Run Behavior\BuildLiteBehavior [ RunTime:0.000000s ]
INFO: [ app_init ] --END-- [ RunTime:0.000000s ]

[ 2016-04-11T13:24:02+08:00 ] 127.0.0.1 /index/login
INFO: [ app_init ] --START--
INFO: Run Behavior\BuildLiteBehavior [ RunTime:0.000000s ]
INFO: [ app_init ] --END-- [ RunTime:0.000000s ]
INFO: [ app_begin ] --START--
INFO: Run Behavior\ReadHtmlCacheBehavior [ RunTime:0.000000s ]
INFO: [ app_begin ] --END-- [ RunTime:0.000000s ]
NOTIC: [8] A session had already been started - ignoring session_start() G:\mywww\Apps\Home\Controller\BaseController.class.php 第 23 行.
NOTIC: [8] Undefined index: de G:\mywww\Apps\Home\Controller\BaseController.class.php 第 49 行.
NOTIC: [8] A session had already been started - ignoring session_start() G:\mywww\Apps\Home\Controller\IndexController.class.php 第 14 行.
NOTIC: [2048] Declaration of Home\Model\UserModel::check() should be compatible with Think\Model::check($value, $rule, $type = 'regex') G:\mywww\Apps\Home\Model\UserModel.class.php 第 10 行.
SQL: SHOW COLUMNS FROM `t_user` [ RunTime:0.0156s ]
SQL: SELECT id,user,name,is_manger FROM `t_user` WHERE `user`= '111'   AND `password` = MD5('111') [ RunTime:0.0000s ]

[ 2016-04-11T13:24:50+08:00 ] 127.0.0.1 /index/login
INFO: [ app_init ] --START--
INFO: Run Behavior\BuildLiteBehavior [ RunTime:0.000000s ]
INFO: [ app_init ] --END-- [ RunTime:0.000000s ]

[ 2016-04-11T13:25:14+08:00 ] 127.0.0.1 /index/login?id=22&pwd=1
INFO: [ app_init ] --START--
INFO: Run Behavior\BuildLiteBehavior [ RunTime:0.000000s ]
INFO: [ app_init ] --END-- [ RunTime:0.000000s ]

[ 2016-04-11T13:25:18+08:00 ] 127.0.0.1 /index/login?id=22&pwd=11
INFO: [ app_init ] --START--
INFO: Run Behavior\BuildLiteBehavior [ RunTime:0.000000s ]
INFO: [ app_init ] --END-- [ RunTime:0.000000s ]

[ 2016-04-11T13:25:32+08:00 ] 127.0.0.1 /index/login?id=22&psw=11
INFO: [ app_init ] --START--
INFO: Run Behavior\BuildLiteBehavior [ RunTime:0.000000s ]
INFO: [ app_init ] --END-- [ RunTime:0.000000s ]

[ 2016-04-11T13:25:36+08:00 ] 127.0.0.1 /index/login?id=22&psw=ssss
INFO: [ app_init ] --START--
INFO: Run Behavior\BuildLiteBehavior [ RunTime:0.000000s ]
INFO: [ app_init ] --END-- [ RunTime:0.000000s ]

[ 2016-04-11T13:25:48+08:00 ] 127.0.0.1 /index/login?id=22&psw=ssss
INFO: [ app_init ] --START--
INFO: Run Behavior\BuildLiteBehavior [ RunTime:0.000000s ]
INFO: [ app_init ] --END-- [ RunTime:0.000000s ]

[ 2016-04-11T13:25:50+08:00 ] 127.0.0.1 /index/login?id=22&psw=ssss
INFO: [ app_init ] --START--
INFO: Run Behavior\BuildLiteBehavior [ RunTime:0.000000s ]
INFO: [ app_init ] --END-- [ RunTime:0.000000s ]

[ 2016-04-11T13:26:09+08:00 ] 127.0.0.1 /index
INFO: [ app_init ] --START--
INFO: Run Behavior\BuildLiteBehavior [ RunTime:0.000000s ]
INFO: [ app_init ] --END-- [ RunTime:0.000000s ]

[ 2016-04-11T13:26:10+08:00 ] 127.0.0.1 /Apps/Home/View/skin/js/jquery.min.map
INFO: [ app_init ] --START--
INFO: Run Behavior\BuildLiteBehavior [ RunTime:0.000000s ]
INFO: [ app_init ] --END-- [ RunTime:0.000000s ]
ERR: 无法加载控制器:Apps

[ 2016-04-11T13:26:28+08:00 ] 127.0.0.1 /index/login
INFO: [ app_init ] --START--
INFO: Run Behavior\BuildLiteBehavior [ RunTime:0.000000s ]
INFO: [ app_init ] --END-- [ RunTime:0.000000s ]
INFO: [ app_begin ] --START--
INFO: Run Behavior\ReadHtmlCacheBehavior [ RunTime:0.000000s ]
INFO: [ app_begin ] --END-- [ RunTime:0.000000s ]
NOTIC: [8] A session had already been started - ignoring session_start() G:\mywww\Apps\Home\Controller\BaseController.class.php 第 23 行.
NOTIC: [8] Undefined index: de G:\mywww\Apps\Home\Controller\BaseController.class.php 第 49 行.
NOTIC: [8] A session had already been started - ignoring session_start() G:\mywww\Apps\Home\Controller\IndexController.class.php 第 14 行.
NOTIC: [2048] Declaration of Home\Model\UserModel::check() should be compatible with Think\Model::check($value, $rule, $type = 'regex') G:\mywww\Apps\Home\Model\UserModel.class.php 第 10 行.
SQL: SHOW COLUMNS FROM `t_user` [ RunTime:0.0000s ]
SQL: SELECT id,user,name,is_manger FROM `t_user` WHERE `user`= '111'   AND `password` = MD5('1111') [ RunTime:0.0000s ]

[ 2016-04-11T13:26:47+08:00 ] 127.0.0.1 /index/login
INFO: [ app_init ] --START--
INFO: Run Behavior\BuildLiteBehavior [ RunTime:0.000000s ]
INFO: [ app_init ] --END-- [ RunTime:0.000000s ]
INFO: [ app_begin ] --START--
INFO: Run Behavior\ReadHtmlCacheBehavior [ RunTime:0.000000s ]
INFO: [ app_begin ] --END-- [ RunTime:0.000000s ]
NOTIC: [8] A session had already been started - ignoring session_start() G:\mywww\Apps\Home\Controller\BaseController.class.php 第 23 行.
NOTIC: [8] Undefined index: de G:\mywww\Apps\Home\Controller\BaseController.class.php 第 49 行.
NOTIC: [8] A session had already been started - ignoring session_start() G:\mywww\Apps\Home\Controller\IndexController.class.php 第 14 行.
NOTIC: [2048] Declaration of Home\Model\UserModel::check() should be compatible with Think\Model::check($value, $rule, $type = 'regex') G:\mywww\Apps\Home\Model\UserModel.class.php 第 10 行.
SQL: SHOW COLUMNS FROM `t_user` [ RunTime:0.0000s ]

[ 2016-04-11T13:27:16+08:00 ] 127.0.0.1 /?de=true
INFO: [ app_init ] --START--
INFO: Run Behavior\BuildLiteBehavior [ RunTime:0.000000s ]
INFO: [ app_init ] --END-- [ RunTime:0.000000s ]

[ 2016-04-11T13:28:52+08:00 ] 127.0.0.1 /index/login
INFO: [ app_init ] --START--
INFO: Run Behavior\BuildLiteBehavior [ RunTime:0.000000s ]
INFO: [ app_init ] --END-- [ RunTime:0.000000s ]
INFO: [ app_begin ] --START--
INFO: Run Behavior\ReadHtmlCacheBehavior [ RunTime:0.000000s ]
INFO: [ app_begin ] --END-- [ RunTime:0.000000s ]
NOTIC: [8] A session had already been started - ignoring session_start() G:\mywww\Apps\Home\Controller\BaseController.class.php 第 23 行.
NOTIC: [8] Undefined index: de G:\mywww\Apps\Home\Controller\BaseController.class.php 第 49 行.
NOTIC: [8] A session had already been started - ignoring session_start() G:\mywww\Apps\Home\Controller\IndexController.class.php 第 14 行.
NOTIC: [2048] Declaration of Home\Model\UserModel::check() should be compatible with Think\Model::check($value, $rule, $type = 'regex') G:\mywww\Apps\Home\Model\UserModel.class.php 第 10 行.
SQL: SHOW COLUMNS FROM `t_user` [ RunTime:0.0000s ]

[ 2016-04-11T13:28:59+08:00 ] 127.0.0.1 /?de=true
INFO: [ app_init ] --START--
INFO: Run Behavior\BuildLiteBehavior [ RunTime:0.000000s ]
INFO: [ app_init ] --END-- [ RunTime:0.000000s ]

[ 2016-04-11T13:29:00+08:00 ] 127.0.0.1 /?de=true
INFO: [ app_init ] --START--
INFO: Run Behavior\BuildLiteBehavior [ RunTime:0.000000s ]
INFO: [ app_init ] --END-- [ RunTime:0.000000s ]

[ 2016-04-11T13:32:55+08:00 ] 127.0.0.1 /index/login
INFO: [ app_init ] --START--
INFO: Run Behavior\BuildLiteBehavior [ RunTime:0.000000s ]
INFO: [ app_init ] --END-- [ RunTime:0.000000s ]
INFO: [ app_begin ] --START--
INFO: Run Behavior\ReadHtmlCacheBehavior [ RunTime:0.000000s ]
INFO: [ app_begin ] --END-- [ RunTime:0.000000s ]
NOTIC: [8] A session had already been started - ignoring session_start() G:\mywww\Apps\Home\Controller\BaseController.class.php 第 23 行.
NOTIC: [8] Undefined index: de G:\mywww\Apps\Home\Controller\BaseController.class.php 第 49 行.
NOTIC: [8] A session had already been started - ignoring session_start() G:\mywww\Apps\Home\Controller\IndexController.class.php 第 14 行.
NOTIC: [2048] Declaration of Home\Model\UserModel::check() should be compatible with Think\Model::check($value, $rule, $type = 'regex') G:\mywww\Apps\Home\Model\UserModel.class.php 第 10 行.
SQL: SHOW COLUMNS FROM `t_user` [ RunTime:0.0000s ]

[ 2016-04-11T13:33:00+08:00 ] 127.0.0.1 /?de=true
INFO: [ app_init ] --START--
INFO: Run Behavior\BuildLiteBehavior [ RunTime:0.000000s ]
INFO: [ app_init ] --END-- [ RunTime:0.000000s ]

[ 2016-04-11T13:33:06+08:00 ] 127.0.0.1 /index/login
INFO: [ app_init ] --START--
INFO: Run Behavior\BuildLiteBehavior [ RunTime:0.000000s ]
INFO: [ app_init ] --END-- [ RunTime:0.000000s ]
INFO: [ app_begin ] --START--
INFO: Run Behavior\ReadHtmlCacheBehavior [ RunTime:0.000000s ]
INFO: [ app_begin ] --END-- [ RunTime:0.000000s ]
NOTIC: [8] A session had already been started - ignoring session_start() G:\mywww\Apps\Home\Controller\BaseController.class.php 第 23 行.
NOTIC: [8] Undefined index: de G:\mywww\Apps\Home\Controller\BaseController.class.php 第 49 行.
NOTIC: [8] A session had already been started - ignoring session_start() G:\mywww\Apps\Home\Controller\IndexController.class.php 第 14 行.
NOTIC: [2048] Declaration of Home\Model\UserModel::check() should be compatible with Think\Model::check($value, $rule, $type = 'regex') G:\mywww\Apps\Home\Model\UserModel.class.php 第 10 行.
SQL: SHOW COLUMNS FROM `t_user` [ RunTime:0.0156s ]
SQL: SELECT id,user,name,is_manger FROM `t_user` WHERE `user`= '111'   AND `password` = MD5('11') [ RunTime:0.0000s ]
NOTIC: [2] unlink(ss.sql): No such file or directory G:\mywww\Apps\Home\Model\BaseModel.class.php 第 46 行.
NOTIC: [8] Array to string conversion G:\mywww\Apps\Home\Model\BaseModel.class.php 第 48 行.

[ 2016-04-11T13:33:09+08:00 ] 127.0.0.1 /?de=true
INFO: [ app_init ] --START--
INFO: Run Behavior\BuildLiteBehavior [ RunTime:0.000000s ]
INFO: [ app_init ] --END-- [ RunTime:0.000000s ]

[ 2016-04-11T13:33:19+08:00 ] 127.0.0.1 /index/login
INFO: [ app_init ] --START--
INFO: Run Behavior\BuildLiteBehavior [ RunTime:0.000000s ]
INFO: [ app_init ] --END-- [ RunTime:0.000000s ]
INFO: [ app_begin ] --START--
INFO: Run Behavior\ReadHtmlCacheBehavior [ RunTime:0.000000s ]
INFO: [ app_begin ] --END-- [ RunTime:0.000000s ]
NOTIC: [8] A session had already been started - ignoring session_start() G:\mywww\Apps\Home\Controller\BaseController.class.php 第 23 行.
NOTIC: [8] Undefined index: de G:\mywww\Apps\Home\Controller\BaseController.class.php 第 49 行.
NOTIC: [8] A session had already been started - ignoring session_start() G:\mywww\Apps\Home\Controller\IndexController.class.php 第 14 行.
NOTIC: [2048] Declaration of Home\Model\UserModel::check() should be compatible with Think\Model::check($value, $rule, $type = 'regex') G:\mywww\Apps\Home\Model\UserModel.class.php 第 10 行.
SQL: SHOW COLUMNS FROM `t_user` [ RunTime:0.0000s ]

[ 2016-04-11T13:33:21+08:00 ] 127.0.0.1 /?de=true
INFO: [ app_init ] --START--
INFO: Run Behavior\BuildLiteBehavior [ RunTime:0.000000s ]
INFO: [ app_init ] --END-- [ RunTime:0.000000s ]

[ 2016-04-11T13:33:23+08:00 ] 127.0.0.1 /?de=true
INFO: [ app_init ] --START--
INFO: Run Behavior\BuildLiteBehavior [ RunTime:0.000000s ]
INFO: [ app_init ] --END-- [ RunTime:0.000000s ]

[ 2016-04-11T13:59:50+08:00 ] 127.0.0.1 /?de=true
INFO: [ app_init ] --START--
INFO: Run Behavior\BuildLiteBehavior [ RunTime:0.000000s ]
INFO: [ app_init ] --END-- [ RunTime:0.000000s ]

[ 2016-04-11T14:01:59+08:00 ] 127.0.0.1 /?de=true
INFO: [ app_init ] --START--
INFO: Run Behavior\BuildLiteBehavior [ RunTime:0.000000s ]
INFO: [ app_init ] --END-- [ RunTime:0.000000s ]

[ 2016-04-11T14:03:55+08:00 ] 127.0.0.1 /
INFO: [ app_init ] --START--
INFO: Run Behavior\BuildLiteBehavior [ RunTime:0.000000s ]
INFO: [ app_init ] --END-- [ RunTime:0.000000s ]

[ 2016-04-11T14:03:55+08:00 ] 127.0.0.1 /Apps/Home/View/skin/js/jquery.min.map
INFO: [ app_init ] --START--
INFO: Run Behavior\BuildLiteBehavior [ RunTime:0.000000s ]
INFO: [ app_init ] --END-- [ RunTime:0.000000s ]
ERR: 无法加载控制器:Apps

[ 2016-04-11T14:03:58+08:00 ] 127.0.0.1 /index/login
INFO: [ app_init ] --START--
INFO: Run Behavior\BuildLiteBehavior [ RunTime:0.000000s ]
INFO: [ app_init ] --END-- [ RunTime:0.000000s ]
INFO: [ app_begin ] --START--
INFO: Run Behavior\ReadHtmlCacheBehavior [ RunTime:0.000000s ]
INFO: [ app_begin ] --END-- [ RunTime:0.000000s ]
NOTIC: [8] A session had already been started - ignoring session_start() G:\mywww\Apps\Home\Controller\BaseController.class.php 第 23 行.
NOTIC: [8] Undefined index: de G:\mywww\Apps\Home\Controller\BaseController.class.php 第 49 行.
NOTIC: [8] A session had already been started - ignoring session_start() G:\mywww\Apps\Home\Controller\IndexController.class.php 第 14 行.
NOTIC: [2048] Declaration of Home\Model\UserModel::check() should be compatible with Think\Model::check($value, $rule, $type = 'regex') G:\mywww\Apps\Home\Model\UserModel.class.php 第 10 行.
SQL: SHOW COLUMNS FROM `t_user` [ RunTime:0.0000s ]

[ 2016-04-11T14:04:35+08:00 ] 127.0.0.1 /index/login
INFO: [ app_init ] --START--
INFO: Run Behavior\BuildLiteBehavior [ RunTime:0.000000s ]
INFO: [ app_init ] --END-- [ RunTime:0.000000s ]
INFO: [ app_begin ] --START--
INFO: Run Behavior\ReadHtmlCacheBehavior [ RunTime:0.000000s ]
INFO: [ app_begin ] --END-- [ RunTime:0.000000s ]
NOTIC: [8] A session had already been started - ignoring session_start() G:\mywww\Apps\Home\Controller\BaseController.class.php 第 23 行.
NOTIC: [8] Undefined index: de G:\mywww\Apps\Home\Controller\BaseController.class.php 第 49 行.
NOTIC: [8] A session had already been started - ignoring session_start() G:\mywww\Apps\Home\Controller\IndexController.class.php 第 14 行.
NOTIC: [2048] Declaration of Home\Model\UserModel::check() should be compatible with Think\Model::check($value, $rule, $type = 'regex') G:\mywww\Apps\Home\Model\UserModel.class.php 第 10 行.
SQL: SHOW COLUMNS FROM `t_user` [ RunTime:0.0000s ]

[ 2016-04-11T14:04:55+08:00 ] 127.0.0.1 /index/login
INFO: [ app_init ] --START--
INFO: Run Behavior\BuildLiteBehavior [ RunTime:0.000000s ]
INFO: [ app_init ] --END-- [ RunTime:0.000000s ]
INFO: [ app_begin ] --START--
INFO: Run Behavior\ReadHtmlCacheBehavior [ RunTime:0.000000s ]
INFO: [ app_begin ] --END-- [ RunTime:0.000000s ]
NOTIC: [8] A session had already been started - ignoring session_start() G:\mywww\Apps\Home\Controller\BaseController.class.php 第 23 行.
NOTIC: [8] Undefined index: de G:\mywww\Apps\Home\Controller\BaseController.class.php 第 49 行.
NOTIC: [8] A session had already been started - ignoring session_start() G:\mywww\Apps\Home\Controller\IndexController.class.php 第 14 行.
NOTIC: [2048] Declaration of Home\Model\UserModel::check() should be compatible with Think\Model::check($value, $rule, $type = 'regex') G:\mywww\Apps\Home\Model\UserModel.class.php 第 10 行.
SQL: SHOW COLUMNS FROM `t_user` [ RunTime:0.0000s ]

[ 2016-04-11T14:05:49+08:00 ] 127.0.0.1 /index/login
INFO: [ app_init ] --START--
INFO: Run Behavior\BuildLiteBehavior [ RunTime:0.000000s ]
INFO: [ app_init ] --END-- [ RunTime:0.000000s ]
INFO: [ app_begin ] --START--
INFO: Run Behavior\ReadHtmlCacheBehavior [ RunTime:0.000000s ]
INFO: [ app_begin ] --END-- [ RunTime:0.000000s ]
NOTIC: [8] A session had already been started - ignoring session_start() G:\mywww\Apps\Home\Controller\BaseController.class.php 第 23 行.
NOTIC: [8] Undefined index: de G:\mywww\Apps\Home\Controller\BaseController.class.php 第 49 行.
NOTIC: [8] A session had already been started - ignoring session_start() G:\mywww\Apps\Home\Controller\IndexController.class.php 第 14 行.
NOTIC: [2048] Declaration of Home\Model\UserModel::check() should be compatible with Think\Model::check($value, $rule, $type = 'regex') G:\mywww\Apps\Home\Model\UserModel.class.php 第 10 行.
SQL: SHOW COLUMNS FROM `t_user` [ RunTime:0.0000s ]

[ 2016-04-11T14:06:10+08:00 ] 127.0.0.1 /index/login
INFO: [ app_init ] --START--
INFO: Run Behavior\BuildLiteBehavior [ RunTime:0.000000s ]
INFO: [ app_init ] --END-- [ RunTime:0.000000s ]
INFO: [ app_begin ] --START--
INFO: Run Behavior\ReadHtmlCacheBehavior [ RunTime:0.000000s ]
INFO: [ app_begin ] --END-- [ RunTime:0.000000s ]
NOTIC: [8] A session had already been started - ignoring session_start() G:\mywww\Apps\Home\Controller\BaseController.class.php 第 23 行.
NOTIC: [8] Undefined index: de G:\mywww\Apps\Home\Controller\BaseController.class.php 第 49 行.
NOTIC: [8] A session had already been started - ignoring session_start() G:\mywww\Apps\Home\Controller\IndexController.class.php 第 14 行.
NOTIC: [2048] Declaration of Home\Model\UserModel::check() should be compatible with Think\Model::check($value, $rule, $type = 'regex') G:\mywww\Apps\Home\Model\UserModel.class.php 第 10 行.
SQL: SHOW COLUMNS FROM `t_user` [ RunTime:0.0000s ]

[ 2016-04-11T14:06:55+08:00 ] 127.0.0.1 /index/login
INFO: [ app_init ] --START--
INFO: Run Behavior\BuildLiteBehavior [ RunTime:0.000000s ]
INFO: [ app_init ] --END-- [ RunTime:0.000000s ]

[ 2016-04-11T14:14:51+08:00 ] 127.0.0.1 /i
INFO: [ app_init ] --START--
INFO: Run Behavior\BuildLiteBehavior [ RunTime:0.000000s ]
INFO: [ app_init ] --END-- [ RunTime:0.000000s ]
ERR: 无法加载控制器:I

[ 2016-04-11T14:14:55+08:00 ] 127.0.0.1 /
INFO: [ app_init ] --START--
INFO: Run Behavior\BuildLiteBehavior [ RunTime:0.000000s ]
INFO: [ app_init ] --END-- [ RunTime:0.000000s ]

[ 2016-04-11T14:14:55+08:00 ] 127.0.0.1 /Apps/Home/View/skin/js/jquery.min.map
INFO: [ app_init ] --START--
INFO: Run Behavior\BuildLiteBehavior [ RunTime:0.000000s ]
INFO: [ app_init ] --END-- [ RunTime:0.000000s ]
ERR: 无法加载控制器:Apps

[ 2016-04-11T14:14:59+08:00 ] 127.0.0.1 /index/login
INFO: [ app_init ] --START--
INFO: Run Behavior\BuildLiteBehavior [ RunTime:0.000000s ]
INFO: [ app_init ] --END-- [ RunTime:0.000000s ]
INFO: [ app_begin ] --START--
INFO: Run Behavior\ReadHtmlCacheBehavior [ RunTime:0.000000s ]
INFO: [ app_begin ] --END-- [ RunTime:0.000000s ]
NOTIC: [8] A session had already been started - ignoring session_start() G:\mywww\Apps\Home\Controller\BaseController.class.php 第 23 行.
NOTIC: [8] Undefined index: de G:\mywww\Apps\Home\Controller\BaseController.class.php 第 49 行.
NOTIC: [8] A session had already been started - ignoring session_start() G:\mywww\Apps\Home\Controller\IndexController.class.php 第 14 行.
NOTIC: [2048] Declaration of Home\Model\UserModel::check() should be compatible with Think\Model::check($value, $rule, $type = 'regex') G:\mywww\Apps\Home\Model\UserModel.class.php 第 10 行.
SQL: SHOW COLUMNS FROM `t_user` [ RunTime:0.0000s ]

[ 2016-04-11T14:15:36+08:00 ] 127.0.0.1 /index/login
INFO: [ app_init ] --START--
INFO: Run Behavior\BuildLiteBehavior [ RunTime:0.000000s ]
INFO: [ app_init ] --END-- [ RunTime:0.000000s ]
INFO: [ app_begin ] --START--
INFO: Run Behavior\ReadHtmlCacheBehavior [ RunTime:0.000000s ]
INFO: [ app_begin ] --END-- [ RunTime:0.000000s ]
NOTIC: [8] A session had already been started - ignoring session_start() G:\mywww\Apps\Home\Controller\BaseController.class.php 第 23 行.
NOTIC: [8] Undefined index: de G:\mywww\Apps\Home\Controller\BaseController.class.php 第 49 行.
NOTIC: [8] A session had already been started - ignoring session_start() G:\mywww\Apps\Home\Controller\IndexController.class.php 第 14 行.
NOTIC: [2048] Declaration of Home\Model\UserModel::check() should be compatible with Think\Model::check($value, $rule, $type = 'regex') G:\mywww\Apps\Home\Model\UserModel.class.php 第 10 行.
SQL: SHOW COLUMNS FROM `t_user` [ RunTime:0.0000s ]

[ 2016-04-11T14:18:16+08:00 ] 127.0.0.1 /index/login
INFO: [ app_init ] --START--
INFO: Run Behavior\BuildLiteBehavior [ RunTime:0.000000s ]
INFO: [ app_init ] --END-- [ RunTime:0.000000s ]

[ 2016-04-11T14:19:02+08:00 ] 127.0.0.1 /index/login
INFO: [ app_init ] --START--
INFO: Run Behavior\BuildLiteBehavior [ RunTime:0.000000s ]
INFO: [ app_init ] --END-- [ RunTime:0.000000s ]

[ 2016-04-11T14:19:03+08:00 ] 127.0.0.1 /index/login
INFO: [ app_init ] --START--
INFO: Run Behavior\BuildLiteBehavior [ RunTime:0.000000s ]
INFO: [ app_init ] --END-- [ RunTime:0.000000s ]

[ 2016-04-11T14:19:31+08:00 ] 127.0.0.1 /index/login
INFO: [ app_init ] --START--
INFO: Run Behavior\BuildLiteBehavior [ RunTime:0.000000s ]
INFO: [ app_init ] --END-- [ RunTime:0.000000s ]

[ 2016-04-11T14:19:32+08:00 ] 127.0.0.1 /index/login
INFO: [ app_init ] --START--
INFO: Run Behavior\BuildLiteBehavior [ RunTime:0.000000s ]
INFO: [ app_init ] --END-- [ RunTime:0.000000s ]

[ 2016-04-11T14:19:51+08:00 ] 127.0.0.1 /index/login
INFO: [ app_init ] --START--
INFO: Run Behavior\BuildLiteBehavior [ RunTime:0.000000s ]
INFO: [ app_init ] --END-- [ RunTime:0.000000s ]

[ 2016-04-11T14:19:52+08:00 ] 127.0.0.1 /index/login
INFO: [ app_init ] --START--
INFO: Run Behavior\BuildLiteBehavior [ RunTime:0.000000s ]
INFO: [ app_init ] --END-- [ RunTime:0.000000s ]

[ 2016-04-11T14:19:52+08:00 ] 127.0.0.1 /index/login
INFO: [ app_init ] --START--
INFO: Run Behavior\BuildLiteBehavior [ RunTime:0.000000s ]
INFO: [ app_init ] --END-- [ RunTime:0.000000s ]

[ 2016-04-11T14:19:52+08:00 ] 127.0.0.1 /index/login
INFO: [ app_init ] --START--
INFO: Run Behavior\BuildLiteBehavior [ RunTime:0.000000s ]
INFO: [ app_init ] --END-- [ RunTime:0.000000s ]

[ 2016-04-11T14:19:52+08:00 ] 127.0.0.1 /index/login
INFO: [ app_init ] --START--
INFO: Run Behavior\BuildLiteBehavior [ RunTime:0.000000s ]
INFO: [ app_init ] --END-- [ RunTime:0.015600s ]

[ 2016-04-11T14:19:52+08:00 ] 127.0.0.1 /index/login
INFO: [ app_init ] --START--
INFO: Run Behavior\BuildLiteBehavior [ RunTime:0.000000s ]
INFO: [ app_init ] --END-- [ RunTime:0.000000s ]

[ 2016-04-11T14:19:53+08:00 ] 127.0.0.1 /index/login
INFO: [ app_init ] --START--
INFO: Run Behavior\BuildLiteBehavior [ RunTime:0.000000s ]
INFO: [ app_init ] --END-- [ RunTime:0.000000s ]

[ 2016-04-11T14:53:00+08:00 ] 127.0.0.1 /index/login
INFO: [ app_init ] --START--
INFO: Run Behavior\BuildLiteBehavior [ RunTime:0.000000s ]
INFO: [ app_init ] --END-- [ RunTime:0.000000s ]

[ 2016-04-11T14:53:01+08:00 ] 127.0.0.1 /index/login
INFO: [ app_init ] --START--
INFO: Run Behavior\BuildLiteBehavior [ RunTime:0.000000s ]
INFO: [ app_init ] --END-- [ RunTime:0.000000s ]

[ 2016-04-11T14:53:29+08:00 ] 127.0.0.1 /index/login
INFO: [ app_init ] --START--
INFO: Run Behavior\BuildLiteBehavior [ RunTime:0.000000s ]
INFO: [ app_init ] --END-- [ RunTime:0.000000s ]

[ 2016-04-11T14:53:39+08:00 ] 127.0.0.1 /index/login
INFO: [ app_init ] --START--
INFO: Run Behavior\BuildLiteBehavior [ RunTime:0.000000s ]
INFO: [ app_init ] --END-- [ RunTime:0.000000s ]

